{"timestamp":"2025-12-10T06:02:07.534Z","type":"BOT_STARTED","botId":25,"strategy":"BOLLINGER_BANDS","symbol":"BTC/USDT"}
{"timestamp":"2025-12-10T06:02:09.996Z","type":"SIGNAL_GENERATED","botId":25,"signal":{"action":"hold","confidence":0,"indicators":{"upper":94707.9555033677,"middle":92427.12850000006,"lower":90146.30149663243,"percentB":0.5260215921296694,"price":92545.83}}}
{"timestamp":"2025-12-10T06:09:34.665Z","type":"BOT_STOPPED","botId":25}
{"timestamp":"2025-12-10T06:37:58.638Z","type":"BOT_STARTED","botId":25,"strategy":"BOLLINGER_BANDS","symbol":"BTC/USDT"}
{"timestamp":"2025-12-10T06:38:02.432Z","type":"SIGNAL_GENERATED","botId":25,"signal":{"action":"hold","confidence":0,"indicators":{"upper":94709.79390037786,"middle":92428.61950000006,"lower":90147.44509962226,"percentB":0.5322269310000114,"price":92575.65}}}
{"timestamp":"2025-12-10T06:43:46.454Z","type":"BOT_STOPPED","botId":25}
{"timestamp":"2025-12-10T07:08:56.178Z","type":"BOT_STARTED","botId":25,"strategy":"BOLLINGER_BANDS","symbol":"BTC/USDT"}
{"timestamp":"2025-12-10T07:09:00.155Z","type":"SIGNAL_GENERATED","botId":25,"signal":{"action":"hold","confidence":0,"indicators":{"upper":94628.92024381994,"middle":92545.70200000006,"lower":90462.48375618018,"percentB":0.5162100154893281,"price":92613.24}}}
{"timestamp":"2025-12-10T07:13:32.175Z","type":"BOT_STARTED","botId":24,"strategy":"HYBRID","symbol":"BTC/USDT"}
{"timestamp":"2025-12-10T07:13:35.116Z","type":"SIGNAL_GENERATED","botId":24,"signal":{"action":"hold","confidence":0.3240594929894465,"indicators":{"rsi":58.4,"smaShort":91027.87399999998,"smaLong":93106.76099999998,"macd":{"MACD":831.5664743591333,"signal":526.1982264958707,"histogram":305.3682478632626},"price":92603.01,"upper":93567.19761328286,"middle":91027.87399999998,"lower":88488.5503867171,"percentB":0.8101487324736161},"subSignals":{"rsiMacd":{"action":"hold","confidence":0,"indicators":{"rsi":58.4,"smaShort":91027.87399999998,"smaLong":93106.76099999998,"macd":{"MACD":831.5664743591333,"signal":526.1982264958707,"histogram":305.3682478632626},"price":92603.01},"signals":{"rsi":0,"trend":-1,"goldenCross":-1,"macd":0.5}},"bollinger":{"action":"sell","confidence":0.8101487324736161,"indicators":{"upper":93567.19761328286,"middle":91027.87399999998,"lower":88488.5503867171,"percentB":0.8101487324736161,"price":92603.01}}}}}
{"timestamp":"2025-12-10T07:27:09.536Z","type":"BOT_STOPPED","botId":24}
{"timestamp":"2025-12-10T07:27:09.844Z","type":"BOT_STOPPED","botId":25}
{"timestamp":"2025-12-10T07:28:50.235Z","type":"BOT_STARTED","botId":25,"strategy":"BOLLINGER_BANDS","symbol":"BTC/USDT"}
{"timestamp":"2025-12-10T07:28:54.394Z","type":"SIGNAL_GENERATED","botId":25,"signal":{"action":"hold","confidence":0,"indicators":{"upper":94626.03041224378,"middle":92543.02850000006,"lower":90460.02658775634,"percentB":0.5040185992872931,"price":92559.77}}}
{"timestamp":"2025-12-10T10:24:35.404Z","type":"BOT_STARTED","botId":25,"strategy":"BOLLINGER_BANDS","symbol":"BTC/USDT"}
{"timestamp":"2025-12-10T10:24:39.008Z","type":"SIGNAL_GENERATED","botId":25,"signal":{"action":"hold","confidence":0,"indicators":{"upper":94019.10630626384,"middle":92896.66200000005,"lower":91774.21769373627,"percentB":0.4099634614955407,"price":92694.54}}}
{"timestamp":"2025-12-10T11:08:25.412Z","type":"BOT_STARTED","botId":27,"strategy":"BOLLINGER_BANDS","symbol":"ZEN/USDT"}
{"timestamp":"2025-12-10T11:08:28.768Z","type":"SIGNAL_GENERATED","botId":27,"signal":{"action":"buy","confidence":0.9769373533605625,"indicators":{"upper":10.769575522584567,"middle":10.167399999999997,"lower":9.565224477415427,"percentB":0.023062646639437447,"price":9.593}}}
{"timestamp":1765364911599,"orderId":"2589411","symbol":"ZEN/USDT","side":"buy","type":"market","amount":4855.14,"price":9.505433425194742,"status":"closed"}
{"timestamp":"2025-12-10T11:15:02.116Z","type":"BOT_STARTED","botId":27,"strategy":"BOLLINGER_BANDS","symbol":"ZEN/USDT"}
{"timestamp":"2025-12-10T11:15:04.807Z","type":"SIGNAL_GENERATED","botId":27,"signal":{"action":"buy","confidence":1.0159100807815415,"indicators":{"upper":10.778940450552145,"middle":10.16425,"lower":9.549559549447853,"percentB":-0.015910080781541474,"price":9.53}}}
