{"timestamp":"2025-12-08T08:35:37.021Z","type":"BOT_STARTED","botId":23,"strategy":"BOLLINGER_BANDS","symbol":"ETH/USDT"}
{"timestamp":"2025-12-08T08:35:40.913Z","type":"SIGNAL_GENERATED","botId":23,"signal":{"action":"hold","confidence":0,"indicators":{"upper":3189.7799788322095,"middle":3089.834499999998,"lower":2989.8890211677867,"percentB":0.6831273431660441,"price":3126.44}}}
{"timestamp":"2025-12-08T08:36:14.124Z","type":"BOT_STOPPED","botId":23}
{"timestamp":"2025-12-08T08:43:56.449Z","type":"BOT_STARTED","botId":23,"strategy":"BOLLINGER_BANDS","symbol":"ETH/USDT"}
{"timestamp":"2025-12-08T08:43:59.281Z","type":"SIGNAL_GENERATED","botId":23,"signal":{"action":"hold","confidence":0,"indicators":{"upper":3190.6050850912006,"middle":3090.153999999998,"lower":2989.7029149087957,"percentB":0.7124217969435321,"price":3132.83}}}
{"timestamp":"2025-12-08T08:51:25.483Z","type":"BOT_STARTED","botId":22,"strategy":"RSI_SMA_MACD","symbol":"BTC/USDT"}
{"timestamp":"2025-12-08T08:51:30.226Z","type":"SIGNAL_GENERATED","botId":22,"signal":{"action":"hold","confidence":0,"indicators":{"rsi":63.34,"smaShort":90658.22100000003,"smaLong":90274.05679999996,"macd":{"MACD":603.3961538463773,"signal":668.1726068378129,"histogram":-64.77645299143558},"price":91717.26},"signals":{"rsi":0,"trend":1,"goldenCross":1,"macd":-1}}}
{"timestamp":"2025-12-08T08:57:52.476Z","type":"BOT_STARTED","botId":22,"strategy":"RSI_SMA_MACD","symbol":"BTC/USDT"}
{"timestamp":"2025-12-08T08:57:56.422Z","type":"SIGNAL_GENERATED","botId":22,"signal":{"action":"hold","confidence":0,"indicators":{"rsi":64.11,"smaShort":90663.08400000003,"smaLong":90274.54309999995,"macd":{"MACD":607.760384615598,"signal":668.6575213677263,"histogram":-60.89713675212829},"price":91814.52},"signals":{"rsi":0,"trend":1,"goldenCross":1,"macd":-1}}}
{"timestamp":"2025-12-08T12:18:46.836Z","type":"BOT_STARTED","botId":23,"strategy":"BOLLINGER_BANDS","symbol":"ETH/USDT"}
{"timestamp":"2025-12-08T12:18:50.568Z","type":"SIGNAL_GENERATED","botId":23,"signal":{"action":"hold","confidence":0,"indicators":{"upper":3183.6944764772174,"middle":3117.4129999999996,"lower":3051.1315235227817,"percentB":0.6577891826775306,"price":3138.33}}}
{"timestamp":"2025-12-08T12:20:20.585Z","type":"BOT_STOPPED","botId":23}
{"timestamp":"2025-12-08T12:20:42.218Z","type":"BOT_STARTED","botId":23,"strategy":"BOLLINGER_BANDS","symbol":"ETH/USDT"}
{"timestamp":"2025-12-08T12:20:46.749Z","type":"SIGNAL_GENERATED","botId":23,"signal":{"action":"hold","confidence":0,"indicators":{"upper":3183.684307433783,"middle":3117.408499999999,"lower":3051.132692566215,"percentB":0.6571576477647096,"price":3138.24}}}
{"timestamp":"2025-12-08T12:22:22.500Z","type":"BOT_STOPPED","botId":23}
{"timestamp":"2025-12-08T13:09:30.976Z","type":"BOT_STARTED","botId":23,"strategy":"BOLLINGER_BANDS","symbol":"ETH/USDT"}
{"timestamp":"2025-12-08T13:09:35.565Z","type":"SIGNAL_GENERATED","botId":23,"signal":{"action":"hold","confidence":0,"indicators":{"upper":3184.8292693886506,"middle":3118.309999999999,"lower":3051.7907306113475,"percentB":0.6510840406451455,"price":3138.41}}}
{"timestamp":"2025-12-08T13:11:00.628Z","type":"BOT_STARTED","botId":21,"strategy":"RSI_SMA_MACD","symbol":"BTC/USDT"}
{"timestamp":"2025-12-08T13:11:03.888Z","type":"SIGNAL_GENERATED","botId":21,"signal":{"action":"buy","confidence":0.75,"indicators":{"rsi":63.27,"smaShort":91274.03100000003,"smaLong":90302.43434999998,"macd":{"MACD":775.5141666668205,"signal":725.1640811967259,"histogram":50.350085470094655},"price":92014.07},"signals":{"rsi":0,"trend":1,"goldenCross":1,"macd":0.5}}}
{"timestamp":"2025-12-08T14:10:22.335Z","type":"BOT_STARTED","botId":22,"strategy":"RSI_SMA_MACD","symbol":"BTC/USDT"}
{"timestamp":"2025-12-08T14:10:26.897Z","type":"SIGNAL_GENERATED","botId":22,"signal":{"action":"hold","confidence":0,"indicators":{"rsi":56.83,"smaShort":91253.83850000001,"smaLong":90302.74459999999,"macd":{"MACD":684.7849358975654,"signal":710.6727777779192,"histogram":-25.88784188035379},"price":91513.64},"signals":{"rsi":0,"trend":1,"goldenCross":1,"macd":-1}}}
{"timestamp":"2025-12-08T14:13:34.919Z","type":"BOT_STOPPED","botId":22}
{"timestamp":"2025-12-08T14:14:23.216Z","type":"BOT_STARTED","botId":23,"strategy":"BOLLINGER_BANDS","symbol":"ETH/USDT"}
{"timestamp":"2025-12-08T14:14:24.475Z","type":"BOT_STARTED","botId":23,"strategy":"BOLLINGER_BANDS","symbol":"ETH/USDT"}
{"timestamp":"2025-12-08T14:14:26.704Z","type":"SIGNAL_GENERATED","botId":23,"signal":{"action":"hold","confidence":0,"indicators":{"upper":3188.0062680001765,"middle":3119.7169999999996,"lower":3051.4277319998228,"percentB":0.7228241778775665,"price":3150.15}}}
{"timestamp":"2025-12-08T14:14:27.191Z","type":"SIGNAL_GENERATED","botId":23,"signal":{"action":"hold","confidence":0,"indicators":{"upper":3188.0062680001765,"middle":3119.7169999999996,"lower":3051.4277319998228,"percentB":0.7228241778775665,"price":3150.15}}}
{"timestamp":"2025-12-08T14:16:11.124Z","type":"BOT_STARTED","botId":24,"strategy":"HYBRID","symbol":"BTC/USDT"}
{"timestamp":"2025-12-08T14:16:13.519Z","type":"SIGNAL_GENERATED","botId":24,"signal":{"action":"hold","confidence":0.357444240980116,"indicators":{"rsi":57.2,"smaShort":90198.33749999994,"macd":{"MACD":-323.49371794865874,"signal":-1140.305925925859,"histogram":816.8122079772002},"price":91648.01,"upper":92039.84340834642,"middle":90198.33749999994,"lower":88356.83159165345,"percentB":0.89361060245029},"subSignals":{"rsiMacd":{"action":"hold","confidence":0,"indicators":{"rsi":57.2,"smaShort":90198.33749999994,"macd":{"MACD":-323.49371794865874,"signal":-1140.305925925859,"histogram":816.8122079772002},"price":91648.01},"signals":{"rsi":0,"trend":-1,"goldenCross":-1,"macd":0.5}},"bollinger":{"action":"sell","confidence":0.89361060245029,"indicators":{"upper":92039.84340834642,"middle":90198.33749999994,"lower":88356.83159165345,"percentB":0.89361060245029,"price":91648.01}}}}}
{"timestamp":"2025-12-08T14:18:01.644Z","type":"BOT_STARTED","botId":25,"strategy":"BOLLINGER_BANDS","symbol":"BTC/USDT"}
{"timestamp":"2025-12-08T14:18:04.282Z","type":"SIGNAL_GENERATED","botId":25,"signal":{"action":"hold","confidence":0,"indicators":{"upper":92521.05339313186,"middle":91252.98500000002,"lower":89984.91660686817,"percentB":0.5960456870147164,"price":91496.57}}}
{"timestamp":"2025-12-08T14:20:35.075Z","type":"BOT_STOPPED","botId":24}
{"timestamp":"2025-12-08T14:20:35.078Z","type":"BOT_STOPPED","botId":23}
{"timestamp":"2025-12-08T14:20:35.083Z","type":"BOT_STOPPED","botId":25}
{"timestamp":"2025-12-08T18:35:04.366Z","type":"BOT_STARTED","botId":24,"strategy":"HYBRID","symbol":"BTC/USDT"}
{"timestamp":"2025-12-08T18:35:09.459Z","type":"SIGNAL_GENERATED","botId":24,"signal":{"action":"hold","confidence":0,"indicators":{"rsi":47.53,"smaShort":90052.92499999994,"smaLong":93608.29265,"macd":{"MACD":-230.51217948712292,"signal":-993.80660968654,"histogram":763.2944301994171},"price":90113.1,"upper":91675.11030822463,"middle":90052.92499999994,"lower":88430.73969177526,"percentB":0.5185475110935127},"subSignals":{"rsiMacd":{"action":"hold","confidence":0,"indicators":{"rsi":47.53,"smaShort":90052.92499999994,"smaLong":93608.29265,"macd":{"MACD":-230.51217948712292,"signal":-993.80660968654,"histogram":763.2944301994171},"price":90113.1},"signals":{"rsi":0,"trend":-1,"goldenCross":-1,"macd":0.5}},"bollinger":{"action":"hold","confidence":0,"indicators":{"upper":91675.11030822463,"middle":90052.92499999994,"lower":88430.73969177526,"percentB":0.5185475110935127,"price":90113.1}}}}}
{"timestamp":"2025-12-08T18:36:20.523Z","type":"BOT_STARTED","botId":24,"strategy":"HYBRID","symbol":"BTC/USDT"}
{"timestamp":"2025-12-08T18:36:24.358Z","type":"SIGNAL_GENERATED","botId":24,"signal":{"action":"hold","confidence":0,"indicators":{"rsi":48.79,"smaShort":90063.46949999993,"smaLong":93609.34709999998,"macd":{"MACD":-221.04916666660574,"signal":-992.7551638175937,"histogram":771.705997150988},"price":90323.99,"upper":91689.81862273435,"middle":90063.46949999993,"lower":88437.12037726551,"percentB":0.5800936577387676},"subSignals":{"rsiMacd":{"action":"hold","confidence":0,"indicators":{"rsi":48.79,"smaShort":90063.46949999993,"smaLong":93609.34709999998,"macd":{"MACD":-221.04916666660574,"signal":-992.7551638175937,"histogram":771.705997150988},"price":90323.99},"signals":{"rsi":0,"trend":-1,"goldenCross":-1,"macd":0.5}},"bollinger":{"action":"hold","confidence":0,"indicators":{"upper":91689.81862273435,"middle":90063.46949999993,"lower":88437.12037726551,"percentB":0.5800936577387676,"price":90323.99}}}}}
{"timestamp":"2025-12-08T18:41:04.086Z","type":"BOT_STARTED","botId":24,"strategy":"HYBRID","symbol":"BTC/USDT"}
{"timestamp":"2025-12-08T18:41:08.243Z","type":"SIGNAL_GENERATED","botId":24,"signal":{"action":"hold","confidence":0,"indicators":{"rsi":48.82,"smaShort":90063.70549999994,"smaLong":93609.3707,"macd":{"MACD":-220.8373717948125,"signal":-992.7316310540612,"histogram":771.8942592592487},"price":90328.71,"upper":91690.20713375842,"middle":90063.70549999994,"lower":88437.20386624146,"percentB":0.5814645661891227},"subSignals":{"rsiMacd":{"action":"hold","confidence":0,"indicators":{"rsi":48.82,"smaShort":90063.70549999994,"smaLong":93609.3707,"macd":{"MACD":-220.8373717948125,"signal":-992.7316310540612,"histogram":771.8942592592487},"price":90328.71},"signals":{"rsi":0,"trend":-1,"goldenCross":-1,"macd":0.5}},"bollinger":{"action":"hold","confidence":0,"indicators":{"upper":91690.20713375842,"middle":90063.70549999994,"lower":88437.20386624146,"percentB":0.5814645661891227,"price":90328.71}}}}}
{"timestamp":"2025-12-08T18:44:14.108Z","type":"BOT_STARTED","botId":24,"strategy":"HYBRID","symbol":"BTC/USDT"}
{"timestamp":"2025-12-08T18:44:18.773Z","type":"SIGNAL_GENERATED","botId":24,"signal":{"action":"hold","confidence":0,"indicators":{"rsi":48.87,"smaShort":90064.15699999993,"smaLong":93609.41584999999,"macd":{"MACD":-220.43217948712118,"signal":-992.6866096865399,"histogram":772.2544301994187},"price":90337.74,"upper":91690.95761889704,"middle":90064.15699999993,"lower":88437.35638110283,"percentB":0.5840862109413101},"subSignals":{"rsiMacd":{"action":"hold","confidence":0,"indicators":{"rsi":48.87,"smaShort":90064.15699999993,"smaLong":93609.41584999999,"macd":{"MACD":-220.43217948712118,"signal":-992.6866096865399,"histogram":772.2544301994187},"price":90337.74},"signals":{"rsi":0,"trend":-1,"goldenCross":-1,"macd":0.5}},"bollinger":{"action":"hold","confidence":0,"indicators":{"upper":91690.95761889704,"middle":90064.15699999993,"lower":88437.35638110283,"percentB":0.5840862109413101,"price":90337.74}}}}}
