{"timestamp":"2025-11-28T13:59:44.689Z","type":"BOT_PERFORMANCE_SYNCED","botId":1,"performance":{"totalTrades":0,"winningTrades":0,"losingTrades":0,"winRate":0,"totalProfit":0,"totalLoss":0,"netProfit":0,"maxDrawdown":0,"sharpeRatio":0,"lastTradeAt":null,"trades":[]}}
{"timestamp":"2025-11-28T14:00:17.060Z","type":"BOT_PERFORMANCE_SYNCED","botId":1,"performance":{"totalTrades":0,"winningTrades":0,"losingTrades":0,"winRate":0,"totalProfit":0,"totalLoss":0,"netProfit":0,"maxDrawdown":0,"sharpeRatio":0,"lastTradeAt":null,"trades":[]}}
{"timestamp":"2025-11-28T14:00:47.105Z","type":"BOT_PERFORMANCE_SYNCED","botId":1,"performance":{"totalTrades":0,"winningTrades":0,"losingTrades":0,"winRate":0,"totalProfit":0,"totalLoss":0,"netProfit":0,"maxDrawdown":0,"sharpeRatio":0,"lastTradeAt":null,"trades":[]}}
{"timestamp":"2025-11-28T14:01:17.228Z","type":"BOT_PERFORMANCE_SYNCED","botId":1,"performance":{"totalTrades":0,"winningTrades":0,"losingTrades":0,"winRate":0,"totalProfit":0,"totalLoss":0,"netProfit":0,"maxDrawdown":0,"sharpeRatio":0,"lastTradeAt":null,"trades":[]}}
{"timestamp":"2025-11-28T14:01:47.205Z","type":"BOT_PERFORMANCE_SYNCED","botId":1,"performance":{"totalTrades":0,"winningTrades":0,"losingTrades":0,"winRate":0,"totalProfit":0,"totalLoss":0,"netProfit":0,"maxDrawdown":0,"sharpeRatio":0,"lastTradeAt":null,"trades":[]}}
{"timestamp":"2025-11-28T14:02:17.530Z","type":"BOT_PERFORMANCE_SYNCED","botId":1,"performance":{"totalTrades":0,"winningTrades":0,"losingTrades":0,"winRate":0,"totalProfit":0,"totalLoss":0,"netProfit":0,"maxDrawdown":0,"sharpeRatio":0,"lastTradeAt":null,"trades":[]}}
{"timestamp":"2025-11-28T14:02:47.179Z","type":"BOT_PERFORMANCE_SYNCED","botId":1,"performance":{"totalTrades":0,"winningTrades":0,"losingTrades":0,"winRate":0,"totalProfit":0,"totalLoss":0,"netProfit":0,"maxDrawdown":0,"sharpeRatio":0,"lastTradeAt":null,"trades":[]}}
{"timestamp":"2025-11-28T14:03:17.323Z","type":"BOT_PERFORMANCE_SYNCED","botId":1,"performance":{"totalTrades":0,"winningTrades":0,"losingTrades":0,"winRate":0,"totalProfit":0,"totalLoss":0,"netProfit":0,"maxDrawdown":0,"sharpeRatio":0,"lastTradeAt":null,"trades":[]}}
{"timestamp":"2025-11-28T14:03:47.103Z","type":"BOT_PERFORMANCE_SYNCED","botId":1,"performance":{"totalTrades":0,"winningTrades":0,"losingTrades":0,"winRate":0,"totalProfit":0,"totalLoss":0,"netProfit":0,"maxDrawdown":0,"sharpeRatio":0,"lastTradeAt":null,"trades":[]}}
{"timestamp":"2025-11-28T14:04:16.991Z","type":"BOT_PERFORMANCE_SYNCED","botId":1,"performance":{"totalTrades":0,"winningTrades":0,"losingTrades":0,"winRate":0,"totalProfit":0,"totalLoss":0,"netProfit":0,"maxDrawdown":0,"sharpeRatio":0,"lastTradeAt":null,"trades":[]}}
{"timestamp":"2025-11-28T14:04:48.003Z","type":"BOT_PERFORMANCE_SYNCED","botId":1,"performance":{"totalTrades":0,"winningTrades":0,"losingTrades":0,"winRate":0,"totalProfit":0,"totalLoss":0,"netProfit":0,"maxDrawdown":0,"sharpeRatio":0,"lastTradeAt":null,"trades":[]}}
{"timestamp":"2025-11-28T14:05:17.406Z","type":"BOT_PERFORMANCE_SYNCED","botId":1,"performance":{"totalTrades":0,"winningTrades":0,"losingTrades":0,"winRate":0,"totalProfit":0,"totalLoss":0,"netProfit":0,"maxDrawdown":0,"sharpeRatio":0,"lastTradeAt":null,"trades":[]}}
{"timestamp":"2025-11-28T14:05:47.169Z","type":"BOT_PERFORMANCE_SYNCED","botId":1,"performance":{"totalTrades":0,"winningTrades":0,"losingTrades":0,"winRate":0,"totalProfit":0,"totalLoss":0,"netProfit":0,"maxDrawdown":0,"sharpeRatio":0,"lastTradeAt":null,"trades":[]}}
{"timestamp":"2025-11-28T14:06:17.488Z","type":"BOT_PERFORMANCE_SYNCED","botId":1,"performance":{"totalTrades":0,"winningTrades":0,"losingTrades":0,"winRate":0,"totalProfit":0,"totalLoss":0,"netProfit":0,"maxDrawdown":0,"sharpeRatio":0,"lastTradeAt":null,"trades":[]}}
{"timestamp":"2025-11-28T14:07:10.102Z","type":"BOT_PERFORMANCE_SYNCED","botId":1,"performance":{"totalTrades":0,"winningTrades":0,"losingTrades":0,"winRate":0,"totalProfit":0,"totalLoss":0,"netProfit":0,"maxDrawdown":0,"sharpeRatio":0,"lastTradeAt":null,"trades":[]}}
{"timestamp":"2025-11-28T14:07:42.873Z","type":"BOT_PERFORMANCE_SYNCED","botId":1,"performance":{"totalTrades":0,"winningTrades":0,"losingTrades":0,"winRate":0,"totalProfit":0,"totalLoss":0,"netProfit":0,"maxDrawdown":0,"sharpeRatio":0,"lastTradeAt":null,"trades":[]}}
{"timestamp":"2025-11-28T14:08:12.944Z","type":"BOT_PERFORMANCE_SYNCED","botId":1,"performance":{"totalTrades":0,"winningTrades":0,"losingTrades":0,"winRate":0,"totalProfit":0,"totalLoss":0,"netProfit":0,"maxDrawdown":0,"sharpeRatio":0,"lastTradeAt":null,"trades":[]}}
{"timestamp":"2025-11-28T14:08:40.120Z","type":"BOT_PERFORMANCE_SYNCED","botId":1,"performance":{"totalTrades":0,"winningTrades":0,"losingTrades":0,"winRate":0,"totalProfit":0,"totalLoss":0,"netProfit":0,"maxDrawdown":0,"sharpeRatio":0,"lastTradeAt":null,"trades":[]}}
{"timestamp":"2025-11-28T14:08:51.223Z","type":"BOT_STARTED","botId":3,"strategy":"HYBRID","symbol":"BTC/USDT"}
{"timestamp":"2025-11-28T14:08:53.863Z","type":"SIGNAL_GENERATED","botId":3,"signal":{"action":"hold","confidence":0.01789951261540157,"indicators":{"rsi":71.75,"smaShort":91616.7855,"smaLong":90715.07765,"macd":{"MACD":103.97641025637859,"signal":84.7115170939764,"histogram":19.26489316240219},"price":92350.8,"upper":92164.76298068602,"middle":91616.7855,"lower":91068.80801931398,"percentB":1.1697487815385037},"subSignals":{"rsiMacd":{"action":"buy","confidence":0.75,"indicators":{"rsi":71.75,"smaShort":91616.7855,"smaLong":90715.07765,"macd":{"MACD":103.97641025637859,"signal":84.7115170939764,"histogram":19.26489316240219},"price":92350.8},"signals":{"rsi":-1,"trend":1,"goldenCross":1,"macd":1}},"bollinger":{"action":"sell","confidence":1.1697487815385037,"indicators":{"upper":92164.76298068602,"middle":91616.7855,"lower":91068.80801931398,"percentB":1.1697487815385037,"price":92350.8}}}}}
{"timestamp":"2025-11-28T14:09:04.528Z","type":"BOT_STARTED","botId":1,"strategy":"RSI_SMA_MACD","symbol":"BTC/USDT"}
{"timestamp":"2025-11-28T14:09:07.250Z","type":"SIGNAL_GENERATED","botId":1,"signal":{"action":"buy","confidence":0.75,"indicators":{"rsi":65.07,"smaShort":90849.79620000008,"smaLong":87642.84735000001,"macd":{"MACD":184.74974358984036,"signal":29.91431623941268,"histogram":154.8354273504277},"price":92381.84},"signals":{"rsi":0,"trend":1,"goldenCross":1,"macd":0.5}}}
{"timestamp":"2025-11-28T14:09:10.091Z","type":"BOT_PERFORMANCE_SYNCED","botId":3,"performance":{"totalTrades":0,"winningTrades":0,"losingTrades":0,"winRate":0,"totalProfit":0,"totalLoss":0,"netProfit":0,"maxDrawdown":0,"sharpeRatio":0,"lastTradeAt":null,"trades":[]}}
{"timestamp":"2025-11-28T14:09:42.833Z","type":"BOT_PERFORMANCE_SYNCED","botId":3,"performance":{"totalTrades":0,"winningTrades":0,"losingTrades":0,"winRate":0,"totalProfit":0,"totalLoss":0,"netProfit":0,"maxDrawdown":0,"sharpeRatio":0,"lastTradeAt":null,"trades":[]}}
{"timestamp":"2025-11-28T14:10:12.580Z","type":"BOT_PERFORMANCE_SYNCED","botId":3,"performance":{"totalTrades":0,"winningTrades":0,"losingTrades":0,"winRate":0,"totalProfit":0,"totalLoss":0,"netProfit":0,"maxDrawdown":0,"sharpeRatio":0,"lastTradeAt":null,"trades":[]}}
{"timestamp":"2025-11-28T14:10:42.822Z","type":"BOT_PERFORMANCE_SYNCED","botId":3,"performance":{"totalTrades":0,"winningTrades":0,"losingTrades":0,"winRate":0,"totalProfit":0,"totalLoss":0,"netProfit":0,"maxDrawdown":0,"sharpeRatio":0,"lastTradeAt":null,"trades":[]}}
{"timestamp":"2025-11-28T14:11:12.795Z","type":"BOT_PERFORMANCE_SYNCED","botId":3,"performance":{"totalTrades":0,"winningTrades":0,"losingTrades":0,"winRate":0,"totalProfit":0,"totalLoss":0,"netProfit":0,"maxDrawdown":0,"sharpeRatio":0,"lastTradeAt":null,"trades":[]}}
{"timestamp":"2025-11-28T14:11:43.335Z","type":"BOT_PERFORMANCE_SYNCED","botId":3,"performance":{"totalTrades":0,"winningTrades":0,"losingTrades":0,"winRate":0,"totalProfit":0,"totalLoss":0,"netProfit":0,"maxDrawdown":0,"sharpeRatio":0,"lastTradeAt":null,"trades":[]}}
{"timestamp":"2025-11-28T14:12:12.880Z","type":"BOT_PERFORMANCE_SYNCED","botId":3,"performance":{"totalTrades":0,"winningTrades":0,"losingTrades":0,"winRate":0,"totalProfit":0,"totalLoss":0,"netProfit":0,"maxDrawdown":0,"sharpeRatio":0,"lastTradeAt":null,"trades":[]}}
{"timestamp":"2025-11-28T14:12:42.838Z","type":"BOT_PERFORMANCE_SYNCED","botId":3,"performance":{"totalTrades":0,"winningTrades":0,"losingTrades":0,"winRate":0,"totalProfit":0,"totalLoss":0,"netProfit":0,"maxDrawdown":0,"sharpeRatio":0,"lastTradeAt":null,"trades":[]}}
{"timestamp":"2025-11-28T14:13:13.024Z","type":"BOT_PERFORMANCE_SYNCED","botId":3,"performance":{"totalTrades":0,"winningTrades":0,"losingTrades":0,"winRate":0,"totalProfit":0,"totalLoss":0,"netProfit":0,"maxDrawdown":0,"sharpeRatio":0,"lastTradeAt":null,"trades":[]}}
{"timestamp":"2025-11-28T14:13:43.146Z","type":"BOT_PERFORMANCE_SYNCED","botId":3,"performance":{"totalTrades":0,"winningTrades":0,"losingTrades":0,"winRate":0,"totalProfit":0,"totalLoss":0,"netProfit":0,"maxDrawdown":0,"sharpeRatio":0,"lastTradeAt":null,"trades":[]}}
{"timestamp":"2025-11-28T14:14:13.102Z","type":"BOT_PERFORMANCE_SYNCED","botId":3,"performance":{"totalTrades":0,"winningTrades":0,"losingTrades":0,"winRate":0,"totalProfit":0,"totalLoss":0,"netProfit":0,"maxDrawdown":0,"sharpeRatio":0,"lastTradeAt":null,"trades":[]}}
{"timestamp":"2025-11-28T14:14:43.767Z","type":"BOT_PERFORMANCE_SYNCED","botId":3,"performance":{"totalTrades":0,"winningTrades":0,"losingTrades":0,"winRate":0,"totalProfit":0,"totalLoss":0,"netProfit":0,"maxDrawdown":0,"sharpeRatio":0,"lastTradeAt":null,"trades":[]}}
{"timestamp":"2025-11-28T14:15:12.989Z","type":"BOT_PERFORMANCE_SYNCED","botId":3,"performance":{"totalTrades":0,"winningTrades":0,"losingTrades":0,"winRate":0,"totalProfit":0,"totalLoss":0,"netProfit":0,"maxDrawdown":0,"sharpeRatio":0,"lastTradeAt":null,"trades":[]}}
{"timestamp":"2025-11-28T14:15:42.980Z","type":"BOT_PERFORMANCE_SYNCED","botId":3,"performance":{"totalTrades":0,"winningTrades":0,"losingTrades":0,"winRate":0,"totalProfit":0,"totalLoss":0,"netProfit":0,"maxDrawdown":0,"sharpeRatio":0,"lastTradeAt":null,"trades":[]}}
{"timestamp":"2025-11-28T14:16:13.248Z","type":"BOT_PERFORMANCE_SYNCED","botId":3,"performance":{"totalTrades":0,"winningTrades":0,"losingTrades":0,"winRate":0,"totalProfit":0,"totalLoss":0,"netProfit":0,"maxDrawdown":0,"sharpeRatio":0,"lastTradeAt":null,"trades":[]}}
{"timestamp":"2025-11-28T14:16:44.098Z","type":"BOT_PERFORMANCE_SYNCED","botId":3,"performance":{"totalTrades":0,"winningTrades":0,"losingTrades":0,"winRate":0,"totalProfit":0,"totalLoss":0,"netProfit":0,"maxDrawdown":0,"sharpeRatio":0,"lastTradeAt":null,"trades":[]}}
{"timestamp":"2025-11-28T14:17:13.084Z","type":"BOT_PERFORMANCE_SYNCED","botId":3,"performance":{"totalTrades":0,"winningTrades":0,"losingTrades":0,"winRate":0,"totalProfit":0,"totalLoss":0,"netProfit":0,"maxDrawdown":0,"sharpeRatio":0,"lastTradeAt":null,"trades":[]}}
{"timestamp":"2025-11-28T14:17:43.479Z","type":"BOT_PERFORMANCE_SYNCED","botId":3,"performance":{"totalTrades":0,"winningTrades":0,"losingTrades":0,"winRate":0,"totalProfit":0,"totalLoss":0,"netProfit":0,"maxDrawdown":0,"sharpeRatio":0,"lastTradeAt":null,"trades":[]}}
{"timestamp":"2025-11-28T14:18:13.113Z","type":"BOT_PERFORMANCE_SYNCED","botId":3,"performance":{"totalTrades":0,"winningTrades":0,"losingTrades":0,"winRate":0,"totalProfit":0,"totalLoss":0,"netProfit":0,"maxDrawdown":0,"sharpeRatio":0,"lastTradeAt":null,"trades":[]}}
{"timestamp":"2025-11-28T14:18:43.347Z","type":"BOT_PERFORMANCE_SYNCED","botId":3,"performance":{"totalTrades":0,"winningTrades":0,"losingTrades":0,"winRate":0,"totalProfit":0,"totalLoss":0,"netProfit":0,"maxDrawdown":0,"sharpeRatio":0,"lastTradeAt":null,"trades":[]}}
{"timestamp":"2025-11-28T14:19:13.470Z","type":"BOT_PERFORMANCE_SYNCED","botId":3,"performance":{"totalTrades":0,"winningTrades":0,"losingTrades":0,"winRate":0,"totalProfit":0,"totalLoss":0,"netProfit":0,"maxDrawdown":0,"sharpeRatio":0,"lastTradeAt":null,"trades":[]}}
{"timestamp":"2025-11-28T14:19:43.772Z","type":"BOT_PERFORMANCE_SYNCED","botId":3,"performance":{"totalTrades":0,"winningTrades":0,"losingTrades":0,"winRate":0,"totalProfit":0,"totalLoss":0,"netProfit":0,"maxDrawdown":0,"sharpeRatio":0,"lastTradeAt":null,"trades":[]}}
{"timestamp":"2025-11-28T14:20:13.857Z","type":"BOT_PERFORMANCE_SYNCED","botId":3,"performance":{"totalTrades":0,"winningTrades":0,"losingTrades":0,"winRate":0,"totalProfit":0,"totalLoss":0,"netProfit":0,"maxDrawdown":0,"sharpeRatio":0,"lastTradeAt":null,"trades":[]}}
{"timestamp":"2025-11-28T14:20:43.824Z","type":"BOT_PERFORMANCE_SYNCED","botId":3,"performance":{"totalTrades":0,"winningTrades":0,"losingTrades":0,"winRate":0,"totalProfit":0,"totalLoss":0,"netProfit":0,"maxDrawdown":0,"sharpeRatio":0,"lastTradeAt":null,"trades":[]}}
{"timestamp":"2025-11-28T14:21:13.397Z","type":"BOT_PERFORMANCE_SYNCED","botId":3,"performance":{"totalTrades":0,"winningTrades":0,"losingTrades":0,"winRate":0,"totalProfit":0,"totalLoss":0,"netProfit":0,"maxDrawdown":0,"sharpeRatio":0,"lastTradeAt":null,"trades":[]}}
{"timestamp":"2025-11-28T14:21:43.479Z","type":"BOT_PERFORMANCE_SYNCED","botId":3,"performance":{"totalTrades":0,"winningTrades":0,"losingTrades":0,"winRate":0,"totalProfit":0,"totalLoss":0,"netProfit":0,"maxDrawdown":0,"sharpeRatio":0,"lastTradeAt":null,"trades":[]}}
{"timestamp":"2025-11-28T14:22:14.243Z","type":"BOT_PERFORMANCE_SYNCED","botId":3,"performance":{"totalTrades":0,"winningTrades":0,"losingTrades":0,"winRate":0,"totalProfit":0,"totalLoss":0,"netProfit":0,"maxDrawdown":0,"sharpeRatio":0,"lastTradeAt":null,"trades":[]}}
{"timestamp":"2025-11-28T14:22:43.687Z","type":"BOT_PERFORMANCE_SYNCED","botId":3,"performance":{"totalTrades":0,"winningTrades":0,"losingTrades":0,"winRate":0,"totalProfit":0,"totalLoss":0,"netProfit":0,"maxDrawdown":0,"sharpeRatio":0,"lastTradeAt":null,"trades":[]}}
{"timestamp":"2025-11-28T14:23:13.406Z","type":"BOT_PERFORMANCE_SYNCED","botId":3,"performance":{"totalTrades":0,"winningTrades":0,"losingTrades":0,"winRate":0,"totalProfit":0,"totalLoss":0,"netProfit":0,"maxDrawdown":0,"sharpeRatio":0,"lastTradeAt":null,"trades":[]}}
{"timestamp":"2025-11-28T14:23:43.512Z","type":"BOT_PERFORMANCE_SYNCED","botId":3,"performance":{"totalTrades":0,"winningTrades":0,"losingTrades":0,"winRate":0,"totalProfit":0,"totalLoss":0,"netProfit":0,"maxDrawdown":0,"sharpeRatio":0,"lastTradeAt":null,"trades":[]}}
{"timestamp":"2025-11-28T14:23:55.449Z","type":"SIGNAL_GENERATED","botId":3,"signal":{"action":"hold","confidence":0.004958640783541746,"indicators":{"rsi":74.24,"smaShort":91660.848,"smaLong":90745.00364999998,"macd":{"MACD":142.53987179481192,"signal":89.25254273497073,"histogram":53.287329059841184},"price":92517.38,"upper":92332.74678120443,"middle":91660.848,"lower":90988.94921879556,"percentB":1.1373966019588542},"subSignals":{"rsiMacd":{"action":"buy","confidence":0.75,"indicators":{"rsi":74.24,"smaShort":91660.848,"smaLong":90745.00364999998,"macd":{"MACD":142.53987179481192,"signal":89.25254273497073,"histogram":53.287329059841184},"price":92517.38},"signals":{"rsi":-1,"trend":1,"goldenCross":1,"macd":0.5}},"bollinger":{"action":"sell","confidence":1.1373966019588542,"indicators":{"upper":92332.74678120443,"middle":91660.848,"lower":90988.94921879556,"percentB":1.1373966019588542,"price":92517.38}}}}}
{"timestamp":"2025-11-28T14:24:14.281Z","type":"BOT_PERFORMANCE_SYNCED","botId":3,"performance":{"totalTrades":0,"winningTrades":0,"losingTrades":0,"winRate":0,"totalProfit":0,"totalLoss":0,"netProfit":0,"maxDrawdown":0,"sharpeRatio":0,"lastTradeAt":null,"trades":[]}}
{"timestamp":"2025-11-28T14:24:43.985Z","type":"BOT_PERFORMANCE_SYNCED","botId":3,"performance":{"totalTrades":0,"winningTrades":0,"losingTrades":0,"winRate":0,"totalProfit":0,"totalLoss":0,"netProfit":0,"maxDrawdown":0,"sharpeRatio":0,"lastTradeAt":null,"trades":[]}}
{"timestamp":"2025-11-28T14:25:13.378Z","type":"BOT_PERFORMANCE_SYNCED","botId":3,"performance":{"totalTrades":0,"winningTrades":0,"losingTrades":0,"winRate":0,"totalProfit":0,"totalLoss":0,"netProfit":0,"maxDrawdown":0,"sharpeRatio":0,"lastTradeAt":null,"trades":[]}}
{"timestamp":"2025-11-28T14:25:43.474Z","type":"BOT_PERFORMANCE_SYNCED","botId":3,"performance":{"totalTrades":0,"winningTrades":0,"losingTrades":0,"winRate":0,"totalProfit":0,"totalLoss":0,"netProfit":0,"maxDrawdown":0,"sharpeRatio":0,"lastTradeAt":null,"trades":[]}}
{"timestamp":"2025-11-28T14:26:13.866Z","type":"BOT_PERFORMANCE_SYNCED","botId":3,"performance":{"totalTrades":0,"winningTrades":0,"losingTrades":0,"winRate":0,"totalProfit":0,"totalLoss":0,"netProfit":0,"maxDrawdown":0,"sharpeRatio":0,"lastTradeAt":null,"trades":[]}}
{"timestamp":"2025-11-28T14:26:44.757Z","type":"BOT_PERFORMANCE_SYNCED","botId":3,"performance":{"totalTrades":0,"winningTrades":0,"losingTrades":0,"winRate":0,"totalProfit":0,"totalLoss":0,"netProfit":0,"maxDrawdown":0,"sharpeRatio":0,"lastTradeAt":null,"trades":[]}}
{"timestamp":"2025-11-28T14:27:13.488Z","type":"BOT_PERFORMANCE_SYNCED","botId":3,"performance":{"totalTrades":0,"winningTrades":0,"losingTrades":0,"winRate":0,"totalProfit":0,"totalLoss":0,"netProfit":0,"maxDrawdown":0,"sharpeRatio":0,"lastTradeAt":null,"trades":[]}}
{"timestamp":"2025-11-28T14:27:46.073Z","type":"BOT_PERFORMANCE_SYNCED","botId":3,"performance":{"totalTrades":0,"winningTrades":0,"losingTrades":0,"winRate":0,"totalProfit":0,"totalLoss":0,"netProfit":0,"maxDrawdown":0,"sharpeRatio":0,"lastTradeAt":null,"trades":[]}}
{"timestamp":"2025-11-28T14:28:22.418Z","type":"BOT_PERFORMANCE_SYNCED","botId":3,"performance":{"totalTrades":0,"winningTrades":0,"losingTrades":0,"winRate":0,"totalProfit":0,"totalLoss":0,"netProfit":0,"maxDrawdown":0,"sharpeRatio":0,"lastTradeAt":null,"trades":[]}}
{"timestamp":"2025-11-28T14:28:43.494Z","type":"BOT_PERFORMANCE_SYNCED","botId":3,"performance":{"totalTrades":0,"winningTrades":0,"losingTrades":0,"winRate":0,"totalProfit":0,"totalLoss":0,"netProfit":0,"maxDrawdown":0,"sharpeRatio":0,"lastTradeAt":null,"trades":[]}}
{"timestamp":"2025-11-28T14:29:13.129Z","type":"BOT_PERFORMANCE_SYNCED","botId":3,"performance":{"totalTrades":0,"winningTrades":0,"losingTrades":0,"winRate":0,"totalProfit":0,"totalLoss":0,"netProfit":0,"maxDrawdown":0,"sharpeRatio":0,"lastTradeAt":null,"trades":[]}}
{"timestamp":"2025-11-28T14:29:43.557Z","type":"BOT_PERFORMANCE_SYNCED","botId":3,"performance":{"totalTrades":0,"winningTrades":0,"losingTrades":0,"winRate":0,"totalProfit":0,"totalLoss":0,"netProfit":0,"maxDrawdown":0,"sharpeRatio":0,"lastTradeAt":null,"trades":[]}}
{"timestamp":"2025-11-28T14:30:14.087Z","type":"BOT_PERFORMANCE_SYNCED","botId":3,"performance":{"totalTrades":0,"winningTrades":0,"losingTrades":0,"winRate":0,"totalProfit":0,"totalLoss":0,"netProfit":0,"maxDrawdown":0,"sharpeRatio":0,"lastTradeAt":null,"trades":[]}}
{"timestamp":"2025-11-28T14:30:43.231Z","type":"BOT_PERFORMANCE_SYNCED","botId":3,"performance":{"totalTrades":0,"winningTrades":0,"losingTrades":0,"winRate":0,"totalProfit":0,"totalLoss":0,"netProfit":0,"maxDrawdown":0,"sharpeRatio":0,"lastTradeAt":null,"trades":[]}}
{"timestamp":"2025-11-28T14:31:13.240Z","type":"BOT_PERFORMANCE_SYNCED","botId":3,"performance":{"totalTrades":0,"winningTrades":0,"losingTrades":0,"winRate":0,"totalProfit":0,"totalLoss":0,"netProfit":0,"maxDrawdown":0,"sharpeRatio":0,"lastTradeAt":null,"trades":[]}}
{"timestamp":"2025-11-28T14:31:43.196Z","type":"BOT_PERFORMANCE_SYNCED","botId":3,"performance":{"totalTrades":0,"winningTrades":0,"losingTrades":0,"winRate":0,"totalProfit":0,"totalLoss":0,"netProfit":0,"maxDrawdown":0,"sharpeRatio":0,"lastTradeAt":null,"trades":[]}}
{"timestamp":"2025-11-28T14:32:13.435Z","type":"BOT_PERFORMANCE_SYNCED","botId":3,"performance":{"totalTrades":0,"winningTrades":0,"losingTrades":0,"winRate":0,"totalProfit":0,"totalLoss":0,"netProfit":0,"maxDrawdown":0,"sharpeRatio":0,"lastTradeAt":null,"trades":[]}}
{"timestamp":"2025-11-28T14:32:43.568Z","type":"BOT_PERFORMANCE_SYNCED","botId":3,"performance":{"totalTrades":0,"winningTrades":0,"losingTrades":0,"winRate":0,"totalProfit":0,"totalLoss":0,"netProfit":0,"maxDrawdown":0,"sharpeRatio":0,"lastTradeAt":null,"trades":[]}}
{"timestamp":"2025-11-28T14:33:13.922Z","type":"BOT_PERFORMANCE_SYNCED","botId":3,"performance":{"totalTrades":0,"winningTrades":0,"losingTrades":0,"winRate":0,"totalProfit":0,"totalLoss":0,"netProfit":0,"maxDrawdown":0,"sharpeRatio":0,"lastTradeAt":null,"trades":[]}}
{"timestamp":"2025-11-28T14:33:43.183Z","type":"BOT_PERFORMANCE_SYNCED","botId":3,"performance":{"totalTrades":0,"winningTrades":0,"losingTrades":0,"winRate":0,"totalProfit":0,"totalLoss":0,"netProfit":0,"maxDrawdown":0,"sharpeRatio":0,"lastTradeAt":null,"trades":[]}}
{"timestamp":"2025-11-28T14:34:13.515Z","type":"BOT_PERFORMANCE_SYNCED","botId":3,"performance":{"totalTrades":0,"winningTrades":0,"losingTrades":0,"winRate":0,"totalProfit":0,"totalLoss":0,"netProfit":0,"maxDrawdown":0,"sharpeRatio":0,"lastTradeAt":null,"trades":[]}}
{"timestamp":"2025-11-28T14:34:43.244Z","type":"BOT_PERFORMANCE_SYNCED","botId":3,"performance":{"totalTrades":0,"winningTrades":0,"losingTrades":0,"winRate":0,"totalProfit":0,"totalLoss":0,"netProfit":0,"maxDrawdown":0,"sharpeRatio":0,"lastTradeAt":null,"trades":[]}}
{"timestamp":"2025-11-28T14:35:14.570Z","type":"BOT_PERFORMANCE_SYNCED","botId":3,"performance":{"totalTrades":0,"winningTrades":0,"losingTrades":0,"winRate":0,"totalProfit":0,"totalLoss":0,"netProfit":0,"maxDrawdown":0,"sharpeRatio":0,"lastTradeAt":null,"trades":[]}}
{"timestamp":"2025-11-28T14:35:43.698Z","type":"BOT_PERFORMANCE_SYNCED","botId":3,"performance":{"totalTrades":0,"winningTrades":0,"losingTrades":0,"winRate":0,"totalProfit":0,"totalLoss":0,"netProfit":0,"maxDrawdown":0,"sharpeRatio":0,"lastTradeAt":null,"trades":[]}}
{"timestamp":"2025-11-28T14:36:14.575Z","type":"BOT_PERFORMANCE_SYNCED","botId":3,"performance":{"totalTrades":0,"winningTrades":0,"losingTrades":0,"winRate":0,"totalProfit":0,"totalLoss":0,"netProfit":0,"maxDrawdown":0,"sharpeRatio":0,"lastTradeAt":null,"trades":[]}}
{"timestamp":"2025-11-28T14:36:43.555Z","type":"BOT_PERFORMANCE_SYNCED","botId":3,"performance":{"totalTrades":0,"winningTrades":0,"losingTrades":0,"winRate":0,"totalProfit":0,"totalLoss":0,"netProfit":0,"maxDrawdown":0,"sharpeRatio":0,"lastTradeAt":null,"trades":[]}}
{"timestamp":"2025-11-28T14:37:13.289Z","type":"BOT_PERFORMANCE_SYNCED","botId":3,"performance":{"totalTrades":0,"winningTrades":0,"losingTrades":0,"winRate":0,"totalProfit":0,"totalLoss":0,"netProfit":0,"maxDrawdown":0,"sharpeRatio":0,"lastTradeAt":null,"trades":[]}}
{"timestamp":"2025-11-28T14:37:43.258Z","type":"BOT_PERFORMANCE_SYNCED","botId":3,"performance":{"totalTrades":0,"winningTrades":0,"losingTrades":0,"winRate":0,"totalProfit":0,"totalLoss":0,"netProfit":0,"maxDrawdown":0,"sharpeRatio":0,"lastTradeAt":null,"trades":[]}}
{"timestamp":"2025-11-28T14:38:13.350Z","type":"BOT_PERFORMANCE_SYNCED","botId":3,"performance":{"totalTrades":0,"winningTrades":0,"losingTrades":0,"winRate":0,"totalProfit":0,"totalLoss":0,"netProfit":0,"maxDrawdown":0,"sharpeRatio":0,"lastTradeAt":null,"trades":[]}}
{"timestamp":"2025-11-28T14:38:44.519Z","type":"BOT_PERFORMANCE_SYNCED","botId":3,"performance":{"totalTrades":0,"winningTrades":0,"losingTrades":0,"winRate":0,"totalProfit":0,"totalLoss":0,"netProfit":0,"maxDrawdown":0,"sharpeRatio":0,"lastTradeAt":null,"trades":[]}}
{"timestamp":"2025-11-28T14:38:55.249Z","type":"SIGNAL_GENERATED","botId":3,"signal":{"action":"hold","confidence":0.08511049358249134,"indicators":{"rsi":64.07,"smaShort":91726.01400000001,"smaLong":90775.67709999999,"macd":{"MACD":201.91467948711943,"signal":102.61190883185353,"histogram":99.3027706552659},"price":92409.22,"upper":92554.69741939248,"middle":91726.01400000001,"lower":90897.33058060754,"percentB":0.9122237660437715},"subSignals":{"rsiMacd":{"action":"buy","confidence":0.75,"indicators":{"rsi":64.07,"smaShort":91726.01400000001,"smaLong":90775.67709999999,"macd":{"MACD":201.91467948711943,"signal":102.61190883185353,"histogram":99.3027706552659},"price":92409.22},"signals":{"rsi":0,"trend":1,"goldenCross":1,"macd":0.5}},"bollinger":{"action":"sell","confidence":0.9122237660437715,"indicators":{"upper":92554.69741939248,"middle":91726.01400000001,"lower":90897.33058060754,"percentB":0.9122237660437715,"price":92409.22}}}}}
{"timestamp":"2025-11-28T14:39:13.334Z","type":"BOT_PERFORMANCE_SYNCED","botId":3,"performance":{"totalTrades":0,"winningTrades":0,"losingTrades":0,"winRate":0,"totalProfit":0,"totalLoss":0,"netProfit":0,"maxDrawdown":0,"sharpeRatio":0,"lastTradeAt":null,"trades":[]}}
{"timestamp":"2025-11-28T14:39:43.401Z","type":"BOT_PERFORMANCE_SYNCED","botId":3,"performance":{"totalTrades":0,"winningTrades":0,"losingTrades":0,"winRate":0,"totalProfit":0,"totalLoss":0,"netProfit":0,"maxDrawdown":0,"sharpeRatio":0,"lastTradeAt":null,"trades":[]}}
{"timestamp":"2025-11-28T14:40:13.360Z","type":"BOT_PERFORMANCE_SYNCED","botId":3,"performance":{"totalTrades":0,"winningTrades":0,"losingTrades":0,"winRate":0,"totalProfit":0,"totalLoss":0,"netProfit":0,"maxDrawdown":0,"sharpeRatio":0,"lastTradeAt":null,"trades":[]}}
{"timestamp":"2025-11-28T14:40:43.416Z","type":"BOT_PERFORMANCE_SYNCED","botId":3,"performance":{"totalTrades":0,"winningTrades":0,"losingTrades":0,"winRate":0,"totalProfit":0,"totalLoss":0,"netProfit":0,"maxDrawdown":0,"sharpeRatio":0,"lastTradeAt":null,"trades":[]}}
{"timestamp":"2025-11-28T14:41:13.579Z","type":"BOT_PERFORMANCE_SYNCED","botId":3,"performance":{"totalTrades":0,"winningTrades":0,"losingTrades":0,"winRate":0,"totalProfit":0,"totalLoss":0,"netProfit":0,"maxDrawdown":0,"sharpeRatio":0,"lastTradeAt":null,"trades":[]}}
{"timestamp":"2025-11-28T14:41:43.583Z","type":"BOT_PERFORMANCE_SYNCED","botId":3,"performance":{"totalTrades":0,"winningTrades":0,"losingTrades":0,"winRate":0,"totalProfit":0,"totalLoss":0,"netProfit":0,"maxDrawdown":0,"sharpeRatio":0,"lastTradeAt":null,"trades":[]}}
{"timestamp":"2025-11-28T14:42:13.331Z","type":"BOT_PERFORMANCE_SYNCED","botId":3,"performance":{"totalTrades":0,"winningTrades":0,"losingTrades":0,"winRate":0,"totalProfit":0,"totalLoss":0,"netProfit":0,"maxDrawdown":0,"sharpeRatio":0,"lastTradeAt":null,"trades":[]}}
{"timestamp":"2025-11-28T14:42:43.451Z","type":"BOT_PERFORMANCE_SYNCED","botId":3,"performance":{"totalTrades":0,"winningTrades":0,"losingTrades":0,"winRate":0,"totalProfit":0,"totalLoss":0,"netProfit":0,"maxDrawdown":0,"sharpeRatio":0,"lastTradeAt":null,"trades":[]}}
{"timestamp":"2025-11-28T14:43:13.525Z","type":"BOT_PERFORMANCE_SYNCED","botId":3,"performance":{"totalTrades":0,"winningTrades":0,"losingTrades":0,"winRate":0,"totalProfit":0,"totalLoss":0,"netProfit":0,"maxDrawdown":0,"sharpeRatio":0,"lastTradeAt":null,"trades":[]}}
{"timestamp":"2025-11-28T14:43:43.449Z","type":"BOT_PERFORMANCE_SYNCED","botId":3,"performance":{"totalTrades":0,"winningTrades":0,"losingTrades":0,"winRate":0,"totalProfit":0,"totalLoss":0,"netProfit":0,"maxDrawdown":0,"sharpeRatio":0,"lastTradeAt":null,"trades":[]}}
{"timestamp":"2025-11-28T14:44:13.532Z","type":"BOT_PERFORMANCE_SYNCED","botId":3,"performance":{"totalTrades":0,"winningTrades":0,"losingTrades":0,"winRate":0,"totalProfit":0,"totalLoss":0,"netProfit":0,"maxDrawdown":0,"sharpeRatio":0,"lastTradeAt":null,"trades":[]}}
{"timestamp":"2025-11-28T14:44:43.441Z","type":"BOT_PERFORMANCE_SYNCED","botId":3,"performance":{"totalTrades":0,"winningTrades":0,"losingTrades":0,"winRate":0,"totalProfit":0,"totalLoss":0,"netProfit":0,"maxDrawdown":0,"sharpeRatio":0,"lastTradeAt":null,"trades":[]}}
{"timestamp":"2025-11-28T14:45:14.360Z","type":"BOT_PERFORMANCE_SYNCED","botId":3,"performance":{"totalTrades":0,"winningTrades":0,"losingTrades":0,"winRate":0,"totalProfit":0,"totalLoss":0,"netProfit":0,"maxDrawdown":0,"sharpeRatio":0,"lastTradeAt":null,"trades":[]}}
{"timestamp":"2025-11-28T14:45:43.488Z","type":"BOT_PERFORMANCE_SYNCED","botId":3,"performance":{"totalTrades":0,"winningTrades":0,"losingTrades":0,"winRate":0,"totalProfit":0,"totalLoss":0,"netProfit":0,"maxDrawdown":0,"sharpeRatio":0,"lastTradeAt":null,"trades":[]}}
{"timestamp":"2025-11-28T14:45:59.306Z","type":"BOT_STOPPED","botId":3}
{"timestamp":"2025-11-28T15:06:42.999Z","type":"BOT_STARTED","botId":1,"strategy":"RSI_SMA_MACD","symbol":"BTC/USDT"}
{"timestamp":"2025-11-28T15:06:46.762Z","type":"SIGNAL_GENERATED","botId":1,"signal":{"action":"buy","confidence":0.75,"indicators":{"rsi":60.62,"smaShort":90945.92300000004,"smaLong":87640.86145000001,"macd":{"MACD":203.09910256421426,"signal":50.38083333343416,"histogram":152.7182692307801},"price":92097},"signals":{"rsi":0,"trend":1,"goldenCross":1,"macd":0.5}}}
{"timestamp":"2025-11-28T15:09:33.093Z","type":"BOT_STARTED","botId":1,"strategy":"RSI_SMA_MACD","symbol":"BTC/USDT"}
{"timestamp":"2025-11-28T15:09:38.349Z","type":"SIGNAL_GENERATED","botId":1,"signal":{"action":"buy","confidence":0.75,"indicators":{"rsi":60.76,"smaShort":90946.09320000005,"smaLong":87640.90400000002,"macd":{"MACD":203.48096153856022,"signal":50.42326210836149,"histogram":153.05769943019874},"price":92105.51},"signals":{"rsi":0,"trend":1,"goldenCross":1,"macd":0.5}}}
{"timestamp":"2025-11-28T15:09:40.139Z","type":"TRADE_EXECUTED","botId":1,"order":{"info":{"symbol":"BTCUSDT","orderId":"4638728","orderListId":"-1","clientOrderId":"x-TKT5PX2F674969c871094ccb95aa42","transactTime":"1764342580259","price":"0.00000000","origQty":"0.27682000","executedQty":"0.00000000","origQuoteOrderQty":"0.00000000","cummulativeQuoteQty":"0.00000000","status":"NEW","timeInForce":"GTC","type":"STOP_LOSS","side":"BUY","stopPrice":"96250.26000000","workingTime":"-1","fills":[],"selfTradePreventionMode":"EXPIRE_MAKER"},"id":"4638728","clientOrderId":"x-TKT5PX2F674969c871094ccb95aa42","timestamp":-1,"lastUpdateTimestamp":1764342580259,"symbol":"BTC/USDT","type":"stop_loss","timeInForce":"GTC","postOnly":false,"side":"buy","triggerPrice":96250.26,"amount":0.27682,"cost":0,"filled":0,"remaining":0.27682,"status":"open","trades":[],"fees":[],"stopPrice":96250.26},"signal":{"action":"buy","confidence":0.75,"indicators":{"rsi":60.76,"smaShort":90946.09320000005,"smaLong":87640.90400000002,"macd":{"MACD":203.48096153856022,"signal":50.42326210836149,"histogram":153.05769943019874},"price":92105.51},"signals":{"rsi":0,"trend":1,"goldenCross":1,"macd":0.5}},"stopLoss":90723.92735,"takeProfit":96250.25794999998,"positionSize":0.2768230910930309}
{"timestamp":"2025-11-28T15:09:45.014Z","type":"BOT_PERFORMANCE_SYNCED","botId":1,"performance":{"totalTrades":0,"winningTrades":0,"losingTrades":0,"winRate":0,"totalProfit":0,"totalLoss":0,"netProfit":0,"maxDrawdown":0,"sharpeRatio":0,"lastTradeAt":null,"trades":[]}}
{"timestamp":"2025-11-28T15:10:18.296Z","type":"BOT_PERFORMANCE_SYNCED","botId":1,"performance":{"totalTrades":0,"winningTrades":0,"losingTrades":0,"winRate":0,"totalProfit":0,"totalLoss":0,"netProfit":0,"maxDrawdown":0,"sharpeRatio":0,"lastTradeAt":null,"trades":[]}}
{"timestamp":"2025-11-28T15:10:48.530Z","type":"BOT_PERFORMANCE_SYNCED","botId":1,"performance":{"totalTrades":0,"winningTrades":0,"losingTrades":0,"winRate":0,"totalProfit":0,"totalLoss":0,"netProfit":0,"maxDrawdown":0,"sharpeRatio":0,"lastTradeAt":null,"trades":[]}}
{"timestamp":"2025-11-28T15:11:18.985Z","type":"BOT_PERFORMANCE_SYNCED","botId":1,"performance":{"totalTrades":0,"winningTrades":0,"losingTrades":0,"winRate":0,"totalProfit":0,"totalLoss":0,"netProfit":0,"maxDrawdown":0,"sharpeRatio":0,"lastTradeAt":null,"trades":[]}}
{"timestamp":"2025-11-28T15:11:48.000Z","type":"BOT_PERFORMANCE_SYNCED","botId":1,"performance":{"totalTrades":0,"winningTrades":0,"losingTrades":0,"winRate":0,"totalProfit":0,"totalLoss":0,"netProfit":0,"maxDrawdown":0,"sharpeRatio":0,"lastTradeAt":null,"trades":[]}}
{"timestamp":"2025-11-28T15:12:18.303Z","type":"BOT_PERFORMANCE_SYNCED","botId":1,"performance":{"totalTrades":0,"winningTrades":0,"losingTrades":0,"winRate":0,"totalProfit":0,"totalLoss":0,"netProfit":0,"maxDrawdown":0,"sharpeRatio":0,"lastTradeAt":null,"trades":[]}}
{"timestamp":"2025-11-28T15:12:48.172Z","type":"BOT_PERFORMANCE_SYNCED","botId":1,"performance":{"totalTrades":0,"winningTrades":0,"losingTrades":0,"winRate":0,"totalProfit":0,"totalLoss":0,"netProfit":0,"maxDrawdown":0,"sharpeRatio":0,"lastTradeAt":null,"trades":[]}}
{"timestamp":"2025-11-28T15:13:48.996Z","type":"BOT_PERFORMANCE_SYNCED","botId":1,"performance":{"totalTrades":0,"winningTrades":0,"losingTrades":0,"winRate":0,"totalProfit":0,"totalLoss":0,"netProfit":0,"maxDrawdown":0,"sharpeRatio":0,"lastTradeAt":null,"trades":[]}}
{"timestamp":"2025-11-28T15:14:19.100Z","type":"BOT_PERFORMANCE_SYNCED","botId":1,"performance":{"totalTrades":0,"winningTrades":0,"losingTrades":0,"winRate":0,"totalProfit":0,"totalLoss":0,"netProfit":0,"maxDrawdown":0,"sharpeRatio":0,"lastTradeAt":null,"trades":[]}}
{"timestamp":"2025-11-28T15:14:48.395Z","type":"BOT_PERFORMANCE_SYNCED","botId":1,"performance":{"totalTrades":0,"winningTrades":0,"losingTrades":0,"winRate":0,"totalProfit":0,"totalLoss":0,"netProfit":0,"maxDrawdown":0,"sharpeRatio":0,"lastTradeAt":null,"trades":[]}}
{"timestamp":"2025-11-28T15:15:20.232Z","type":"BOT_PERFORMANCE_SYNCED","botId":1,"performance":{"totalTrades":0,"winningTrades":0,"losingTrades":0,"winRate":0,"totalProfit":0,"totalLoss":0,"netProfit":0,"maxDrawdown":0,"sharpeRatio":0,"lastTradeAt":null,"trades":[]}}
{"timestamp":"2025-11-28T15:15:48.507Z","type":"BOT_PERFORMANCE_SYNCED","botId":1,"performance":{"totalTrades":0,"winningTrades":0,"losingTrades":0,"winRate":0,"totalProfit":0,"totalLoss":0,"netProfit":0,"maxDrawdown":0,"sharpeRatio":0,"lastTradeAt":null,"trades":[]}}
{"timestamp":"2025-11-28T15:16:18.843Z","type":"BOT_PERFORMANCE_SYNCED","botId":1,"performance":{"totalTrades":0,"winningTrades":0,"losingTrades":0,"winRate":0,"totalProfit":0,"totalLoss":0,"netProfit":0,"maxDrawdown":0,"sharpeRatio":0,"lastTradeAt":null,"trades":[]}}
{"timestamp":"2025-11-28T15:16:50.037Z","type":"BOT_PERFORMANCE_SYNCED","botId":1,"performance":{"totalTrades":0,"winningTrades":0,"losingTrades":0,"winRate":0,"totalProfit":0,"totalLoss":0,"netProfit":0,"maxDrawdown":0,"sharpeRatio":0,"lastTradeAt":null,"trades":[]}}
{"timestamp":"2025-11-28T15:17:18.125Z","type":"BOT_PERFORMANCE_SYNCED","botId":1,"performance":{"totalTrades":0,"winningTrades":0,"losingTrades":0,"winRate":0,"totalProfit":0,"totalLoss":0,"netProfit":0,"maxDrawdown":0,"sharpeRatio":0,"lastTradeAt":null,"trades":[]}}
{"timestamp":"2025-11-28T15:19:09.867Z","type":"BOT_PERFORMANCE_SYNCED","botId":1,"performance":{"totalTrades":0,"winningTrades":0,"losingTrades":0,"winRate":0,"totalProfit":0,"totalLoss":0,"netProfit":0,"maxDrawdown":0,"sharpeRatio":0,"lastTradeAt":null,"trades":[]}}
{"timestamp":"2025-11-28T15:19:39.911Z","type":"BOT_PERFORMANCE_SYNCED","botId":1,"performance":{"totalTrades":0,"winningTrades":0,"losingTrades":0,"winRate":0,"totalProfit":0,"totalLoss":0,"netProfit":0,"maxDrawdown":0,"sharpeRatio":0,"lastTradeAt":null,"trades":[]}}
{"timestamp":"2025-11-28T15:20:12.987Z","type":"BOT_PERFORMANCE_SYNCED","botId":1,"performance":{"totalTrades":0,"winningTrades":0,"losingTrades":0,"winRate":0,"totalProfit":0,"totalLoss":0,"netProfit":0,"maxDrawdown":0,"sharpeRatio":0,"lastTradeAt":null,"trades":[]}}
{"timestamp":"2025-11-28T15:20:43.397Z","type":"BOT_PERFORMANCE_SYNCED","botId":1,"performance":{"totalTrades":0,"winningTrades":0,"losingTrades":0,"winRate":0,"totalProfit":0,"totalLoss":0,"netProfit":0,"maxDrawdown":0,"sharpeRatio":0,"lastTradeAt":null,"trades":[]}}
{"timestamp":"2025-11-28T15:21:14.016Z","type":"BOT_PERFORMANCE_SYNCED","botId":1,"performance":{"totalTrades":0,"winningTrades":0,"losingTrades":0,"winRate":0,"totalProfit":0,"totalLoss":0,"netProfit":0,"maxDrawdown":0,"sharpeRatio":0,"lastTradeAt":null,"trades":[]}}
{"timestamp":"2025-11-28T15:21:43.393Z","type":"BOT_PERFORMANCE_SYNCED","botId":1,"performance":{"totalTrades":0,"winningTrades":0,"losingTrades":0,"winRate":0,"totalProfit":0,"totalLoss":0,"netProfit":0,"maxDrawdown":0,"sharpeRatio":0,"lastTradeAt":null,"trades":[]}}
{"timestamp":"2025-11-28T15:22:13.201Z","type":"BOT_PERFORMANCE_SYNCED","botId":1,"performance":{"totalTrades":0,"winningTrades":0,"losingTrades":0,"winRate":0,"totalProfit":0,"totalLoss":0,"netProfit":0,"maxDrawdown":0,"sharpeRatio":0,"lastTradeAt":null,"trades":[]}}
{"timestamp":"2025-11-28T15:22:43.303Z","type":"BOT_PERFORMANCE_SYNCED","botId":1,"performance":{"totalTrades":0,"winningTrades":0,"losingTrades":0,"winRate":0,"totalProfit":0,"totalLoss":0,"netProfit":0,"maxDrawdown":0,"sharpeRatio":0,"lastTradeAt":null,"trades":[]}}
{"timestamp":"2025-11-28T15:23:13.003Z","type":"BOT_PERFORMANCE_SYNCED","botId":1,"performance":{"totalTrades":0,"winningTrades":0,"losingTrades":0,"winRate":0,"totalProfit":0,"totalLoss":0,"netProfit":0,"maxDrawdown":0,"sharpeRatio":0,"lastTradeAt":null,"trades":[]}}
{"timestamp":"2025-11-28T15:23:43.211Z","type":"BOT_PERFORMANCE_SYNCED","botId":1,"performance":{"totalTrades":0,"winningTrades":0,"losingTrades":0,"winRate":0,"totalProfit":0,"totalLoss":0,"netProfit":0,"maxDrawdown":0,"sharpeRatio":0,"lastTradeAt":null,"trades":[]}}
{"timestamp":"2025-11-28T15:24:13.109Z","type":"BOT_PERFORMANCE_SYNCED","botId":1,"performance":{"totalTrades":0,"winningTrades":0,"losingTrades":0,"winRate":0,"totalProfit":0,"totalLoss":0,"netProfit":0,"maxDrawdown":0,"sharpeRatio":0,"lastTradeAt":null,"trades":[]}}
{"timestamp":"2025-11-28T15:24:43.351Z","type":"BOT_PERFORMANCE_SYNCED","botId":1,"performance":{"totalTrades":0,"winningTrades":0,"losingTrades":0,"winRate":0,"totalProfit":0,"totalLoss":0,"netProfit":0,"maxDrawdown":0,"sharpeRatio":0,"lastTradeAt":null,"trades":[]}}
{"timestamp":"2025-11-28T15:26:20.318Z","type":"BOT_PERFORMANCE_SYNCED","botId":1,"performance":{"totalTrades":0,"winningTrades":0,"losingTrades":0,"winRate":0,"totalProfit":0,"totalLoss":0,"netProfit":0,"maxDrawdown":0,"sharpeRatio":0,"lastTradeAt":null,"trades":[]}}
{"timestamp":"2025-11-28T15:26:50.331Z","type":"BOT_PERFORMANCE_SYNCED","botId":1,"performance":{"totalTrades":0,"winningTrades":0,"losingTrades":0,"winRate":0,"totalProfit":0,"totalLoss":0,"netProfit":0,"maxDrawdown":0,"sharpeRatio":0,"lastTradeAt":null,"trades":[]}}
{"timestamp":"2025-11-28T15:27:23.688Z","type":"BOT_PERFORMANCE_SYNCED","botId":1,"performance":{"totalTrades":0,"winningTrades":0,"losingTrades":0,"winRate":0,"totalProfit":0,"totalLoss":0,"netProfit":0,"maxDrawdown":0,"sharpeRatio":0,"lastTradeAt":null,"trades":[]}}
{"timestamp":"2025-11-28T15:27:54.069Z","type":"BOT_PERFORMANCE_SYNCED","botId":1,"performance":{"totalTrades":0,"winningTrades":0,"losingTrades":0,"winRate":0,"totalProfit":0,"totalLoss":0,"netProfit":0,"maxDrawdown":0,"sharpeRatio":0,"lastTradeAt":null,"trades":[]}}
{"timestamp":"2025-11-28T16:13:36.117Z","type":"BOT_PERFORMANCE_SYNCED","botId":1,"performance":{"totalTrades":0,"winningTrades":0,"losingTrades":0,"winRate":0,"totalProfit":0,"totalLoss":0,"netProfit":0,"maxDrawdown":0,"sharpeRatio":0,"lastTradeAt":null,"trades":[]}}
{"timestamp":"2025-11-28T16:14:06.505Z","type":"BOT_PERFORMANCE_SYNCED","botId":1,"performance":{"totalTrades":0,"winningTrades":0,"losingTrades":0,"winRate":0,"totalProfit":0,"totalLoss":0,"netProfit":0,"maxDrawdown":0,"sharpeRatio":0,"lastTradeAt":null,"trades":[]}}
{"timestamp":"2025-11-28T16:14:36.826Z","type":"BOT_PERFORMANCE_SYNCED","botId":1,"performance":{"totalTrades":0,"winningTrades":0,"losingTrades":0,"winRate":0,"totalProfit":0,"totalLoss":0,"netProfit":0,"maxDrawdown":0,"sharpeRatio":0,"lastTradeAt":null,"trades":[]}}
{"timestamp":"2025-11-28T16:16:12.689Z","type":"BOT_STARTED","botId":1,"strategy":"RSI_SMA_MACD","symbol":"BTC/USDT"}
{"timestamp":"2025-11-28T16:16:17.148Z","type":"SIGNAL_GENERATED","botId":1,"signal":{"action":"buy","confidence":0.75,"indicators":{"rsi":56.95,"smaShort":91052.16940000003,"smaLong":87641.20430000001,"macd":{"MACD":216.63608974368253,"signal":79.876844729444,"histogram":136.75924501423853},"price":91938.77},"signals":{"rsi":0,"trend":1,"goldenCross":1,"macd":0.5}}}
{"timestamp":"2025-11-28T16:20:24.994Z","type":"BOT_STARTED","botId":1,"strategy":"RSI_SMA_MACD","symbol":"BTC/USDT"}
{"timestamp":"2025-11-28T16:20:28.992Z","type":"SIGNAL_GENERATED","botId":1,"signal":{"action":"buy","confidence":0.75,"indicators":{"rsi":56.92,"smaShort":91052.13860000005,"smaLong":87641.19660000002,"macd":{"MACD":216.56698717956897,"signal":79.86916666676471,"histogram":136.69782051280424},"price":91937.23},"signals":{"rsi":0,"trend":1,"goldenCross":1,"macd":0.5}}}
{"timestamp":"2025-11-28T16:27:12.454Z","type":"BOT_STARTED","botId":1,"strategy":"RSI_SMA_MACD","symbol":"BTC/USDT"}
{"timestamp":"2025-11-28T16:27:16.268Z","type":"SIGNAL_GENERATED","botId":1,"signal":{"action":"buy","confidence":0.75,"indicators":{"rsi":50.04,"smaShort":91041.64660000004,"smaLong":87638.57360000002,"macd":{"MACD":193.02724358982232,"signal":77.25363960123731,"histogram":115.77360398858501},"price":91412.63},"signals":{"rsi":0,"trend":1,"goldenCross":1,"macd":0.5}}}
{"timestamp":"2025-11-28T16:29:47.781Z","type":"BOT_STARTED","botId":1,"strategy":"RSI_SMA_MACD","symbol":"BTC/USDT"}
{"timestamp":"2025-11-28T16:29:51.016Z","type":"SIGNAL_GENERATED","botId":1,"signal":{"action":"buy","confidence":0.75,"indicators":{"rsi":48.22,"smaShort":91038.37800000004,"smaLong":87637.75645000002,"macd":{"MACD":185.69384615392482,"signal":76.43881766391536,"histogram":109.25502849000947},"price":91249.2},"signals":{"rsi":0,"trend":1,"goldenCross":1,"macd":0.5}}}
{"timestamp":"2025-11-28T16:40:19.496Z","type":"BOT_STARTED","botId":1,"strategy":"RSI_SMA_MACD","symbol":"BTC/USDT"}
{"timestamp":"2025-11-28T16:40:23.002Z","type":"SIGNAL_GENERATED","botId":1,"signal":{"action":"buy","confidence":0.75,"indicators":{"rsi":50.53,"smaShort":91042.49180000003,"smaLong":87638.78490000003,"macd":{"MACD":194.92352564109024,"signal":77.46433760693374,"histogram":117.4591880341565},"price":91454.89},"signals":{"rsi":0,"trend":1,"goldenCross":1,"macd":0.5}}}
{"timestamp":"2025-11-28T16:49:46.744Z","type":"BOT_STARTED","botId":1,"strategy":"RSI_SMA_MACD","symbol":"BTC/USDT"}
{"timestamp":"2025-11-28T16:49:50.315Z","type":"SIGNAL_GENERATED","botId":1,"signal":{"action":"buy","confidence":0.75,"indicators":{"rsi":51.14,"smaShort":91043.51940000003,"smaLong":87639.04180000002,"macd":{"MACD":197.2290384616208,"signal":77.7205056981038,"histogram":119.508532763517},"price":91506.27},"signals":{"rsi":0,"trend":1,"goldenCross":1,"macd":0.5}}}
