{"timestamp":"2025-12-04T09:31:19.841Z","type":"BOT_PERFORMANCE_SYNCED","botId":2,"performance":{"totalTrades":0,"winningTrades":0,"losingTrades":0,"winRate":0,"totalProfit":0,"totalLoss":0,"netProfit":0,"maxDrawdown":0,"sharpeRatio":0,"lastTradeAt":null,"trades":[]}}
{"timestamp":"2025-12-04T09:31:52.540Z","type":"BOT_PERFORMANCE_SYNCED","botId":2,"performance":{"totalTrades":0,"winningTrades":0,"losingTrades":0,"winRate":0,"totalProfit":0,"totalLoss":0,"netProfit":0,"maxDrawdown":0,"sharpeRatio":0,"lastTradeAt":null,"trades":[]}}
{"timestamp":"2025-12-04T09:32:23.983Z","type":"BOT_PERFORMANCE_SYNCED","botId":2,"performance":{"totalTrades":0,"winningTrades":0,"losingTrades":0,"winRate":0,"totalProfit":0,"totalLoss":0,"netProfit":0,"maxDrawdown":0,"sharpeRatio":0,"lastTradeAt":null,"trades":[]}}
{"timestamp":"2025-12-04T09:32:53.404Z","type":"BOT_PERFORMANCE_SYNCED","botId":2,"performance":{"totalTrades":0,"winningTrades":0,"losingTrades":0,"winRate":0,"totalProfit":0,"totalLoss":0,"netProfit":0,"maxDrawdown":0,"sharpeRatio":0,"lastTradeAt":null,"trades":[]}}
{"timestamp":"2025-12-04T09:33:23.021Z","type":"BOT_PERFORMANCE_SYNCED","botId":2,"performance":{"totalTrades":0,"winningTrades":0,"losingTrades":0,"winRate":0,"totalProfit":0,"totalLoss":0,"netProfit":0,"maxDrawdown":0,"sharpeRatio":0,"lastTradeAt":null,"trades":[]}}
{"timestamp":"2025-12-04T09:33:53.795Z","type":"BOT_PERFORMANCE_SYNCED","botId":2,"performance":{"totalTrades":0,"winningTrades":0,"losingTrades":0,"winRate":0,"totalProfit":0,"totalLoss":0,"netProfit":0,"maxDrawdown":0,"sharpeRatio":0,"lastTradeAt":null,"trades":[]}}
{"timestamp":"2025-12-04T09:34:23.556Z","type":"BOT_PERFORMANCE_SYNCED","botId":2,"performance":{"totalTrades":0,"winningTrades":0,"losingTrades":0,"winRate":0,"totalProfit":0,"totalLoss":0,"netProfit":0,"maxDrawdown":0,"sharpeRatio":0,"lastTradeAt":null,"trades":[]}}
{"timestamp":"2025-12-04T09:34:55.730Z","type":"BOT_PERFORMANCE_SYNCED","botId":2,"performance":{"totalTrades":0,"winningTrades":0,"losingTrades":0,"winRate":0,"totalProfit":0,"totalLoss":0,"netProfit":0,"maxDrawdown":0,"sharpeRatio":0,"lastTradeAt":null,"trades":[]}}
{"timestamp":"2025-12-04T09:35:23.355Z","type":"BOT_PERFORMANCE_SYNCED","botId":2,"performance":{"totalTrades":0,"winningTrades":0,"losingTrades":0,"winRate":0,"totalProfit":0,"totalLoss":0,"netProfit":0,"maxDrawdown":0,"sharpeRatio":0,"lastTradeAt":null,"trades":[]}}
{"timestamp":"2025-12-04T09:35:52.743Z","type":"BOT_PERFORMANCE_SYNCED","botId":2,"performance":{"totalTrades":0,"winningTrades":0,"losingTrades":0,"winRate":0,"totalProfit":0,"totalLoss":0,"netProfit":0,"maxDrawdown":0,"sharpeRatio":0,"lastTradeAt":null,"trades":[]}}
{"timestamp":"2025-12-04T09:36:23.162Z","type":"BOT_PERFORMANCE_SYNCED","botId":2,"performance":{"totalTrades":0,"winningTrades":0,"losingTrades":0,"winRate":0,"totalProfit":0,"totalLoss":0,"netProfit":0,"maxDrawdown":0,"sharpeRatio":0,"lastTradeAt":null,"trades":[]}}
{"timestamp":"2025-12-04T09:36:52.860Z","type":"BOT_PERFORMANCE_SYNCED","botId":2,"performance":{"totalTrades":0,"winningTrades":0,"losingTrades":0,"winRate":0,"totalProfit":0,"totalLoss":0,"netProfit":0,"maxDrawdown":0,"sharpeRatio":0,"lastTradeAt":null,"trades":[]}}
{"timestamp":"2025-12-04T09:37:20.001Z","type":"BOT_PERFORMANCE_SYNCED","botId":2,"performance":{"totalTrades":0,"winningTrades":0,"losingTrades":0,"winRate":0,"totalProfit":0,"totalLoss":0,"netProfit":0,"maxDrawdown":0,"sharpeRatio":0,"lastTradeAt":null,"trades":[]}}
{"timestamp":"2025-12-04T09:37:52.776Z","type":"BOT_PERFORMANCE_SYNCED","botId":2,"performance":{"totalTrades":0,"winningTrades":0,"losingTrades":0,"winRate":0,"totalProfit":0,"totalLoss":0,"netProfit":0,"maxDrawdown":0,"sharpeRatio":0,"lastTradeAt":null,"trades":[]}}
{"timestamp":"2025-12-04T09:38:19.997Z","type":"BOT_PERFORMANCE_SYNCED","botId":2,"performance":{"totalTrades":0,"winningTrades":0,"losingTrades":0,"winRate":0,"totalProfit":0,"totalLoss":0,"netProfit":0,"maxDrawdown":0,"sharpeRatio":0,"lastTradeAt":null,"trades":[]}}
{"timestamp":"2025-12-04T09:38:53.261Z","type":"BOT_PERFORMANCE_SYNCED","botId":2,"performance":{"totalTrades":0,"winningTrades":0,"losingTrades":0,"winRate":0,"totalProfit":0,"totalLoss":0,"netProfit":0,"maxDrawdown":0,"sharpeRatio":0,"lastTradeAt":null,"trades":[]}}
{"timestamp":"2025-12-04T09:39:22.971Z","type":"BOT_PERFORMANCE_SYNCED","botId":2,"performance":{"totalTrades":0,"winningTrades":0,"losingTrades":0,"winRate":0,"totalProfit":0,"totalLoss":0,"netProfit":0,"maxDrawdown":0,"sharpeRatio":0,"lastTradeAt":null,"trades":[]}}
{"timestamp":"2025-12-04T09:39:52.946Z","type":"BOT_PERFORMANCE_SYNCED","botId":2,"performance":{"totalTrades":0,"winningTrades":0,"losingTrades":0,"winRate":0,"totalProfit":0,"totalLoss":0,"netProfit":0,"maxDrawdown":0,"sharpeRatio":0,"lastTradeAt":null,"trades":[]}}
{"timestamp":"2025-12-04T09:40:22.803Z","type":"BOT_PERFORMANCE_SYNCED","botId":2,"performance":{"totalTrades":0,"winningTrades":0,"losingTrades":0,"winRate":0,"totalProfit":0,"totalLoss":0,"netProfit":0,"maxDrawdown":0,"sharpeRatio":0,"lastTradeAt":null,"trades":[]}}
{"timestamp":"2025-12-04T09:40:52.976Z","type":"BOT_PERFORMANCE_SYNCED","botId":2,"performance":{"totalTrades":0,"winningTrades":0,"losingTrades":0,"winRate":0,"totalProfit":0,"totalLoss":0,"netProfit":0,"maxDrawdown":0,"sharpeRatio":0,"lastTradeAt":null,"trades":[]}}
{"timestamp":"2025-12-04T09:41:23.630Z","type":"BOT_PERFORMANCE_SYNCED","botId":2,"performance":{"totalTrades":0,"winningTrades":0,"losingTrades":0,"winRate":0,"totalProfit":0,"totalLoss":0,"netProfit":0,"maxDrawdown":0,"sharpeRatio":0,"lastTradeAt":null,"trades":[]}}
{"timestamp":"2025-12-04T09:41:53.670Z","type":"BOT_PERFORMANCE_SYNCED","botId":2,"performance":{"totalTrades":0,"winningTrades":0,"losingTrades":0,"winRate":0,"totalProfit":0,"totalLoss":0,"netProfit":0,"maxDrawdown":0,"sharpeRatio":0,"lastTradeAt":null,"trades":[]}}
{"timestamp":"2025-12-04T09:42:22.774Z","type":"BOT_PERFORMANCE_SYNCED","botId":2,"performance":{"totalTrades":0,"winningTrades":0,"losingTrades":0,"winRate":0,"totalProfit":0,"totalLoss":0,"netProfit":0,"maxDrawdown":0,"sharpeRatio":0,"lastTradeAt":null,"trades":[]}}
{"timestamp":"2025-12-04T09:42:52.803Z","type":"BOT_PERFORMANCE_SYNCED","botId":2,"performance":{"totalTrades":0,"winningTrades":0,"losingTrades":0,"winRate":0,"totalProfit":0,"totalLoss":0,"netProfit":0,"maxDrawdown":0,"sharpeRatio":0,"lastTradeAt":null,"trades":[]}}
{"timestamp":"2025-12-04T09:43:24.295Z","type":"BOT_PERFORMANCE_SYNCED","botId":2,"performance":{"totalTrades":0,"winningTrades":0,"losingTrades":0,"winRate":0,"totalProfit":0,"totalLoss":0,"netProfit":0,"maxDrawdown":0,"sharpeRatio":0,"lastTradeAt":null,"trades":[]}}
{"timestamp":"2025-12-04T09:43:53.100Z","type":"BOT_PERFORMANCE_SYNCED","botId":2,"performance":{"totalTrades":0,"winningTrades":0,"losingTrades":0,"winRate":0,"totalProfit":0,"totalLoss":0,"netProfit":0,"maxDrawdown":0,"sharpeRatio":0,"lastTradeAt":null,"trades":[]}}
{"timestamp":"2025-12-04T09:44:20.207Z","type":"BOT_PERFORMANCE_SYNCED","botId":2,"performance":{"totalTrades":0,"winningTrades":0,"losingTrades":0,"winRate":0,"totalProfit":0,"totalLoss":0,"netProfit":0,"maxDrawdown":0,"sharpeRatio":0,"lastTradeAt":null,"trades":[]}}
{"timestamp":"2025-12-04T09:44:53.053Z","type":"BOT_PERFORMANCE_SYNCED","botId":2,"performance":{"totalTrades":0,"winningTrades":0,"losingTrades":0,"winRate":0,"totalProfit":0,"totalLoss":0,"netProfit":0,"maxDrawdown":0,"sharpeRatio":0,"lastTradeAt":null,"trades":[]}}
{"timestamp":"2025-12-04T09:45:20.284Z","type":"BOT_PERFORMANCE_SYNCED","botId":2,"performance":{"totalTrades":0,"winningTrades":0,"losingTrades":0,"winRate":0,"totalProfit":0,"totalLoss":0,"netProfit":0,"maxDrawdown":0,"sharpeRatio":0,"lastTradeAt":null,"trades":[]}}
{"timestamp":"2025-12-04T09:45:53.038Z","type":"BOT_PERFORMANCE_SYNCED","botId":2,"performance":{"totalTrades":0,"winningTrades":0,"losingTrades":0,"winRate":0,"totalProfit":0,"totalLoss":0,"netProfit":0,"maxDrawdown":0,"sharpeRatio":0,"lastTradeAt":null,"trades":[]}}
{"timestamp":"2025-12-04T09:46:23.215Z","type":"BOT_PERFORMANCE_SYNCED","botId":2,"performance":{"totalTrades":0,"winningTrades":0,"losingTrades":0,"winRate":0,"totalProfit":0,"totalLoss":0,"netProfit":0,"maxDrawdown":0,"sharpeRatio":0,"lastTradeAt":null,"trades":[]}}
{"timestamp":"2025-12-04T09:46:53.465Z","type":"BOT_PERFORMANCE_SYNCED","botId":2,"performance":{"totalTrades":0,"winningTrades":0,"losingTrades":0,"winRate":0,"totalProfit":0,"totalLoss":0,"netProfit":0,"maxDrawdown":0,"sharpeRatio":0,"lastTradeAt":null,"trades":[]}}
{"timestamp":"2025-12-04T09:47:27.017Z","type":"BOT_PERFORMANCE_SYNCED","botId":2,"performance":{"totalTrades":0,"winningTrades":0,"losingTrades":0,"winRate":0,"totalProfit":0,"totalLoss":0,"netProfit":0,"maxDrawdown":0,"sharpeRatio":0,"lastTradeAt":null,"trades":[]}}
{"timestamp":"2025-12-04T09:47:56.372Z","type":"BOT_PERFORMANCE_SYNCED","botId":2,"performance":{"totalTrades":0,"winningTrades":0,"losingTrades":0,"winRate":0,"totalProfit":0,"totalLoss":0,"netProfit":0,"maxDrawdown":0,"sharpeRatio":0,"lastTradeAt":null,"trades":[]}}
{"timestamp":"2025-12-04T09:48:21.222Z","type":"BOT_PERFORMANCE_SYNCED","botId":2,"performance":{"totalTrades":0,"winningTrades":0,"losingTrades":0,"winRate":0,"totalProfit":0,"totalLoss":0,"netProfit":0,"maxDrawdown":0,"sharpeRatio":0,"lastTradeAt":null,"trades":[]}}
{"timestamp":"2025-12-04T09:48:53.679Z","type":"BOT_PERFORMANCE_SYNCED","botId":2,"performance":{"totalTrades":0,"winningTrades":0,"losingTrades":0,"winRate":0,"totalProfit":0,"totalLoss":0,"netProfit":0,"maxDrawdown":0,"sharpeRatio":0,"lastTradeAt":null,"trades":[]}}
{"timestamp":"2025-12-04T09:49:23.737Z","type":"BOT_PERFORMANCE_SYNCED","botId":2,"performance":{"totalTrades":0,"winningTrades":0,"losingTrades":0,"winRate":0,"totalProfit":0,"totalLoss":0,"netProfit":0,"maxDrawdown":0,"sharpeRatio":0,"lastTradeAt":null,"trades":[]}}
{"timestamp":"2025-12-04T09:49:54.154Z","type":"BOT_PERFORMANCE_SYNCED","botId":2,"performance":{"totalTrades":0,"winningTrades":0,"losingTrades":0,"winRate":0,"totalProfit":0,"totalLoss":0,"netProfit":0,"maxDrawdown":0,"sharpeRatio":0,"lastTradeAt":null,"trades":[]}}
{"timestamp":"2025-12-04T09:50:24.177Z","type":"BOT_PERFORMANCE_SYNCED","botId":2,"performance":{"totalTrades":0,"winningTrades":0,"losingTrades":0,"winRate":0,"totalProfit":0,"totalLoss":0,"netProfit":0,"maxDrawdown":0,"sharpeRatio":0,"lastTradeAt":null,"trades":[]}}
{"timestamp":"2025-12-04T09:50:53.842Z","type":"BOT_PERFORMANCE_SYNCED","botId":2,"performance":{"totalTrades":0,"winningTrades":0,"losingTrades":0,"winRate":0,"totalProfit":0,"totalLoss":0,"netProfit":0,"maxDrawdown":0,"sharpeRatio":0,"lastTradeAt":null,"trades":[]}}
{"timestamp":"2025-12-04T09:51:24.166Z","type":"BOT_PERFORMANCE_SYNCED","botId":2,"performance":{"totalTrades":0,"winningTrades":0,"losingTrades":0,"winRate":0,"totalProfit":0,"totalLoss":0,"netProfit":0,"maxDrawdown":0,"sharpeRatio":0,"lastTradeAt":null,"trades":[]}}
{"timestamp":"2025-12-04T09:51:55.375Z","type":"BOT_PERFORMANCE_SYNCED","botId":2,"performance":{"totalTrades":0,"winningTrades":0,"losingTrades":0,"winRate":0,"totalProfit":0,"totalLoss":0,"netProfit":0,"maxDrawdown":0,"sharpeRatio":0,"lastTradeAt":null,"trades":[]}}
{"timestamp":"2025-12-04T09:52:24.296Z","type":"BOT_PERFORMANCE_SYNCED","botId":2,"performance":{"totalTrades":0,"winningTrades":0,"losingTrades":0,"winRate":0,"totalProfit":0,"totalLoss":0,"netProfit":0,"maxDrawdown":0,"sharpeRatio":0,"lastTradeAt":null,"trades":[]}}
{"timestamp":"2025-12-04T09:52:54.546Z","type":"BOT_PERFORMANCE_SYNCED","botId":2,"performance":{"totalTrades":0,"winningTrades":0,"losingTrades":0,"winRate":0,"totalProfit":0,"totalLoss":0,"netProfit":0,"maxDrawdown":0,"sharpeRatio":0,"lastTradeAt":null,"trades":[]}}
{"timestamp":"2025-12-04T09:53:24.056Z","type":"BOT_PERFORMANCE_SYNCED","botId":2,"performance":{"totalTrades":0,"winningTrades":0,"losingTrades":0,"winRate":0,"totalProfit":0,"totalLoss":0,"netProfit":0,"maxDrawdown":0,"sharpeRatio":0,"lastTradeAt":null,"trades":[]}}
{"timestamp":"2025-12-04T09:53:54.210Z","type":"BOT_PERFORMANCE_SYNCED","botId":2,"performance":{"totalTrades":0,"winningTrades":0,"losingTrades":0,"winRate":0,"totalProfit":0,"totalLoss":0,"netProfit":0,"maxDrawdown":0,"sharpeRatio":0,"lastTradeAt":null,"trades":[]}}
{"timestamp":"2025-12-04T09:54:56.326Z","type":"BOT_PERFORMANCE_SYNCED","botId":2,"performance":{"totalTrades":0,"winningTrades":0,"losingTrades":0,"winRate":0,"totalProfit":0,"totalLoss":0,"netProfit":0,"maxDrawdown":0,"sharpeRatio":0,"lastTradeAt":null,"trades":[]}}
{"timestamp":"2025-12-04T09:54:57.725Z","type":"BOT_PERFORMANCE_SYNCED","botId":2,"performance":{"totalTrades":0,"winningTrades":0,"losingTrades":0,"winRate":0,"totalProfit":0,"totalLoss":0,"netProfit":0,"maxDrawdown":0,"sharpeRatio":0,"lastTradeAt":null,"trades":[]}}
{"timestamp":"2025-12-04T09:55:24.197Z","type":"BOT_PERFORMANCE_SYNCED","botId":2,"performance":{"totalTrades":0,"winningTrades":0,"losingTrades":0,"winRate":0,"totalProfit":0,"totalLoss":0,"netProfit":0,"maxDrawdown":0,"sharpeRatio":0,"lastTradeAt":null,"trades":[]}}
{"timestamp":"2025-12-04T09:55:51.021Z","type":"BOT_PERFORMANCE_SYNCED","botId":2,"performance":{"totalTrades":0,"winningTrades":0,"losingTrades":0,"winRate":0,"totalProfit":0,"totalLoss":0,"netProfit":0,"maxDrawdown":0,"sharpeRatio":0,"lastTradeAt":null,"trades":[]}}
{"timestamp":"2025-12-04T09:56:31.207Z","type":"BOT_PERFORMANCE_SYNCED","botId":2,"performance":{"totalTrades":0,"winningTrades":0,"losingTrades":0,"winRate":0,"totalProfit":0,"totalLoss":0,"netProfit":0,"maxDrawdown":0,"sharpeRatio":0,"lastTradeAt":null,"trades":[]}}
{"timestamp":"2025-12-04T09:56:56.203Z","type":"BOT_PERFORMANCE_SYNCED","botId":2,"performance":{"totalTrades":0,"winningTrades":0,"losingTrades":0,"winRate":0,"totalProfit":0,"totalLoss":0,"netProfit":0,"maxDrawdown":0,"sharpeRatio":0,"lastTradeAt":null,"trades":[]}}
{"timestamp":"2025-12-04T09:57:24.449Z","type":"BOT_PERFORMANCE_SYNCED","botId":2,"performance":{"totalTrades":0,"winningTrades":0,"losingTrades":0,"winRate":0,"totalProfit":0,"totalLoss":0,"netProfit":0,"maxDrawdown":0,"sharpeRatio":0,"lastTradeAt":null,"trades":[]}}
{"timestamp":"2025-12-04T09:57:55.893Z","type":"BOT_PERFORMANCE_SYNCED","botId":2,"performance":{"totalTrades":0,"winningTrades":0,"losingTrades":0,"winRate":0,"totalProfit":0,"totalLoss":0,"netProfit":0,"maxDrawdown":0,"sharpeRatio":0,"lastTradeAt":null,"trades":[]}}
{"timestamp":"2025-12-04T09:58:24.973Z","type":"BOT_PERFORMANCE_SYNCED","botId":2,"performance":{"totalTrades":0,"winningTrades":0,"losingTrades":0,"winRate":0,"totalProfit":0,"totalLoss":0,"netProfit":0,"maxDrawdown":0,"sharpeRatio":0,"lastTradeAt":null,"trades":[]}}
{"timestamp":"2025-12-04T09:58:53.712Z","type":"BOT_PERFORMANCE_SYNCED","botId":2,"performance":{"totalTrades":0,"winningTrades":0,"losingTrades":0,"winRate":0,"totalProfit":0,"totalLoss":0,"netProfit":0,"maxDrawdown":0,"sharpeRatio":0,"lastTradeAt":null,"trades":[]}}
{"timestamp":"2025-12-04T09:59:23.863Z","type":"BOT_PERFORMANCE_SYNCED","botId":2,"performance":{"totalTrades":0,"winningTrades":0,"losingTrades":0,"winRate":0,"totalProfit":0,"totalLoss":0,"netProfit":0,"maxDrawdown":0,"sharpeRatio":0,"lastTradeAt":null,"trades":[]}}
{"timestamp":"2025-12-04T09:59:54.204Z","type":"BOT_PERFORMANCE_SYNCED","botId":2,"performance":{"totalTrades":0,"winningTrades":0,"losingTrades":0,"winRate":0,"totalProfit":0,"totalLoss":0,"netProfit":0,"maxDrawdown":0,"sharpeRatio":0,"lastTradeAt":null,"trades":[]}}
{"timestamp":"2025-12-04T10:00:25.532Z","type":"BOT_PERFORMANCE_SYNCED","botId":2,"performance":{"totalTrades":0,"winningTrades":0,"losingTrades":0,"winRate":0,"totalProfit":0,"totalLoss":0,"netProfit":0,"maxDrawdown":0,"sharpeRatio":0,"lastTradeAt":null,"trades":[]}}
{"timestamp":"2025-12-04T10:00:54.186Z","type":"BOT_PERFORMANCE_SYNCED","botId":2,"performance":{"totalTrades":0,"winningTrades":0,"losingTrades":0,"winRate":0,"totalProfit":0,"totalLoss":0,"netProfit":0,"maxDrawdown":0,"sharpeRatio":0,"lastTradeAt":null,"trades":[]}}
{"timestamp":"2025-12-04T10:01:23.713Z","type":"BOT_PERFORMANCE_SYNCED","botId":2,"performance":{"totalTrades":0,"winningTrades":0,"losingTrades":0,"winRate":0,"totalProfit":0,"totalLoss":0,"netProfit":0,"maxDrawdown":0,"sharpeRatio":0,"lastTradeAt":null,"trades":[]}}
{"timestamp":"2025-12-04T10:01:57.327Z","type":"BOT_PERFORMANCE_SYNCED","botId":2,"performance":{"totalTrades":0,"winningTrades":0,"losingTrades":0,"winRate":0,"totalProfit":0,"totalLoss":0,"netProfit":0,"maxDrawdown":0,"sharpeRatio":0,"lastTradeAt":null,"trades":[]}}
{"timestamp":"2025-12-04T10:02:25.106Z","type":"BOT_PERFORMANCE_SYNCED","botId":2,"performance":{"totalTrades":0,"winningTrades":0,"losingTrades":0,"winRate":0,"totalProfit":0,"totalLoss":0,"netProfit":0,"maxDrawdown":0,"sharpeRatio":0,"lastTradeAt":null,"trades":[]}}
{"timestamp":"2025-12-04T10:02:54.317Z","type":"BOT_PERFORMANCE_SYNCED","botId":2,"performance":{"totalTrades":0,"winningTrades":0,"losingTrades":0,"winRate":0,"totalProfit":0,"totalLoss":0,"netProfit":0,"maxDrawdown":0,"sharpeRatio":0,"lastTradeAt":null,"trades":[]}}
{"timestamp":"2025-12-04T10:03:23.901Z","type":"BOT_PERFORMANCE_SYNCED","botId":2,"performance":{"totalTrades":0,"winningTrades":0,"losingTrades":0,"winRate":0,"totalProfit":0,"totalLoss":0,"netProfit":0,"maxDrawdown":0,"sharpeRatio":0,"lastTradeAt":null,"trades":[]}}
{"timestamp":"2025-12-04T10:03:54.034Z","type":"BOT_PERFORMANCE_SYNCED","botId":2,"performance":{"totalTrades":0,"winningTrades":0,"losingTrades":0,"winRate":0,"totalProfit":0,"totalLoss":0,"netProfit":0,"maxDrawdown":0,"sharpeRatio":0,"lastTradeAt":null,"trades":[]}}
{"timestamp":"2025-12-04T10:04:27.625Z","type":"BOT_PERFORMANCE_SYNCED","botId":2,"performance":{"totalTrades":0,"winningTrades":0,"losingTrades":0,"winRate":0,"totalProfit":0,"totalLoss":0,"netProfit":0,"maxDrawdown":0,"sharpeRatio":0,"lastTradeAt":null,"trades":[]}}
{"timestamp":"2025-12-04T10:04:51.715Z","type":"BOT_PERFORMANCE_SYNCED","botId":2,"performance":{"totalTrades":0,"winningTrades":0,"losingTrades":0,"winRate":0,"totalProfit":0,"totalLoss":0,"netProfit":0,"maxDrawdown":0,"sharpeRatio":0,"lastTradeAt":null,"trades":[]}}
{"timestamp":"2025-12-04T10:05:25.829Z","type":"BOT_PERFORMANCE_SYNCED","botId":2,"performance":{"totalTrades":0,"winningTrades":0,"losingTrades":0,"winRate":0,"totalProfit":0,"totalLoss":0,"netProfit":0,"maxDrawdown":0,"sharpeRatio":0,"lastTradeAt":null,"trades":[]}}
{"timestamp":"2025-12-04T10:05:58.289Z","type":"BOT_PERFORMANCE_SYNCED","botId":2,"performance":{"totalTrades":0,"winningTrades":0,"losingTrades":0,"winRate":0,"totalProfit":0,"totalLoss":0,"netProfit":0,"maxDrawdown":0,"sharpeRatio":0,"lastTradeAt":null,"trades":[]}}
{"timestamp":"2025-12-04T10:06:24.183Z","type":"BOT_PERFORMANCE_SYNCED","botId":2,"performance":{"totalTrades":0,"winningTrades":0,"losingTrades":0,"winRate":0,"totalProfit":0,"totalLoss":0,"netProfit":0,"maxDrawdown":0,"sharpeRatio":0,"lastTradeAt":null,"trades":[]}}
{"timestamp":"2025-12-04T10:06:58.036Z","type":"BOT_PERFORMANCE_SYNCED","botId":2,"performance":{"totalTrades":0,"winningTrades":0,"losingTrades":0,"winRate":0,"totalProfit":0,"totalLoss":0,"netProfit":0,"maxDrawdown":0,"sharpeRatio":0,"lastTradeAt":null,"trades":[]}}
{"timestamp":"2025-12-04T10:07:27.794Z","type":"BOT_PERFORMANCE_SYNCED","botId":2,"performance":{"totalTrades":0,"winningTrades":0,"losingTrades":0,"winRate":0,"totalProfit":0,"totalLoss":0,"netProfit":0,"maxDrawdown":0,"sharpeRatio":0,"lastTradeAt":null,"trades":[]}}
{"timestamp":"2025-12-04T10:07:54.806Z","type":"BOT_PERFORMANCE_SYNCED","botId":2,"performance":{"totalTrades":0,"winningTrades":0,"losingTrades":0,"winRate":0,"totalProfit":0,"totalLoss":0,"netProfit":0,"maxDrawdown":0,"sharpeRatio":0,"lastTradeAt":null,"trades":[]}}
{"timestamp":"2025-12-04T10:08:25.182Z","type":"BOT_PERFORMANCE_SYNCED","botId":2,"performance":{"totalTrades":0,"winningTrades":0,"losingTrades":0,"winRate":0,"totalProfit":0,"totalLoss":0,"netProfit":0,"maxDrawdown":0,"sharpeRatio":0,"lastTradeAt":null,"trades":[]}}
{"timestamp":"2025-12-04T10:08:51.202Z","type":"BOT_PERFORMANCE_SYNCED","botId":2,"performance":{"totalTrades":0,"winningTrades":0,"losingTrades":0,"winRate":0,"totalProfit":0,"totalLoss":0,"netProfit":0,"maxDrawdown":0,"sharpeRatio":0,"lastTradeAt":null,"trades":[]}}
{"timestamp":"2025-12-04T10:09:24.091Z","type":"BOT_PERFORMANCE_SYNCED","botId":2,"performance":{"totalTrades":0,"winningTrades":0,"losingTrades":0,"winRate":0,"totalProfit":0,"totalLoss":0,"netProfit":0,"maxDrawdown":0,"sharpeRatio":0,"lastTradeAt":null,"trades":[]}}
{"timestamp":"2025-12-04T10:09:30.426Z","type":"BOT_STARTED","botId":5,"strategy":"RSI_SMA_MACD","symbol":"BTC/USDT"}
{"timestamp":"2025-12-04T10:09:33.576Z","type":"SIGNAL_GENERATED","botId":5,"signal":{"action":"buy","confidence":0.75,"indicators":{"rsi":56.11,"smaShort":93190.76900000006,"smaLong":90261.05014999998,"macd":{"MACD":215.1408333334257,"signal":214.7069658120761,"histogram":0.4338675213495833},"price":93388.67},"signals":{"rsi":0,"trend":1,"goldenCross":1,"macd":0.5}}}
{"timestamp":"2025-12-04T10:09:54.109Z","type":"BOT_PERFORMANCE_SYNCED","botId":2,"performance":{"totalTrades":0,"winningTrades":0,"losingTrades":0,"winRate":0,"totalProfit":0,"totalLoss":0,"netProfit":0,"maxDrawdown":0,"sharpeRatio":0,"lastTradeAt":null,"trades":[]}}
{"timestamp":"2025-12-04T10:10:24.804Z","type":"BOT_PERFORMANCE_SYNCED","botId":2,"performance":{"totalTrades":0,"winningTrades":0,"losingTrades":0,"winRate":0,"totalProfit":0,"totalLoss":0,"netProfit":0,"maxDrawdown":0,"sharpeRatio":0,"lastTradeAt":null,"trades":[]}}
{"timestamp":"2025-12-04T10:11:06.385Z","type":"BOT_PERFORMANCE_SYNCED","botId":2,"performance":{"totalTrades":0,"winningTrades":0,"losingTrades":0,"winRate":0,"totalProfit":0,"totalLoss":0,"netProfit":0,"maxDrawdown":0,"sharpeRatio":0,"lastTradeAt":null,"trades":[]}}
{"timestamp":"2025-12-04T10:11:27.137Z","type":"BOT_PERFORMANCE_SYNCED","botId":2,"performance":{"totalTrades":0,"winningTrades":0,"losingTrades":0,"winRate":0,"totalProfit":0,"totalLoss":0,"netProfit":0,"maxDrawdown":0,"sharpeRatio":0,"lastTradeAt":null,"trades":[]}}
{"timestamp":"2025-12-04T10:11:54.641Z","type":"BOT_PERFORMANCE_SYNCED","botId":2,"performance":{"totalTrades":0,"winningTrades":0,"losingTrades":0,"winRate":0,"totalProfit":0,"totalLoss":0,"netProfit":0,"maxDrawdown":0,"sharpeRatio":0,"lastTradeAt":null,"trades":[]}}
{"timestamp":"2025-12-04T10:12:33.204Z","type":"BOT_PERFORMANCE_SYNCED","botId":2,"performance":{"totalTrades":0,"winningTrades":0,"losingTrades":0,"winRate":0,"totalProfit":0,"totalLoss":0,"netProfit":0,"maxDrawdown":0,"sharpeRatio":0,"lastTradeAt":null,"trades":[]}}
{"timestamp":"2025-12-04T10:12:44.591Z","type":"BOT_STARTED","botId":5,"strategy":"RSI_SMA_MACD","symbol":"BTC/USDT"}
{"timestamp":"2025-12-04T10:12:48.071Z","type":"SIGNAL_GENERATED","botId":5,"signal":{"action":"buy","confidence":0.75,"indicators":{"rsi":56.09,"smaShort":93190.69450000007,"smaLong":90261.04269999998,"macd":{"MACD":215.0739743590675,"signal":214.69953703714742,"histogram":0.37443732192008383},"price":93387.18},"signals":{"rsi":0,"trend":1,"goldenCross":1,"macd":0.5}}}
{"timestamp":"2025-12-04T10:12:51.624Z","type":"BOT_PERFORMANCE_SYNCED","botId":2,"performance":{"totalTrades":0,"winningTrades":0,"losingTrades":0,"winRate":0,"totalProfit":0,"totalLoss":0,"netProfit":0,"maxDrawdown":0,"sharpeRatio":0,"lastTradeAt":null,"trades":[]}}
{"timestamp":"2025-12-04T10:13:24.573Z","type":"BOT_PERFORMANCE_SYNCED","botId":2,"performance":{"totalTrades":0,"winningTrades":0,"losingTrades":0,"winRate":0,"totalProfit":0,"totalLoss":0,"netProfit":0,"maxDrawdown":0,"sharpeRatio":0,"lastTradeAt":null,"trades":[]}}
{"timestamp":"2025-12-04T10:13:55.755Z","type":"BOT_PERFORMANCE_SYNCED","botId":2,"performance":{"totalTrades":0,"winningTrades":0,"losingTrades":0,"winRate":0,"totalProfit":0,"totalLoss":0,"netProfit":0,"maxDrawdown":0,"sharpeRatio":0,"lastTradeAt":null,"trades":[]}}
{"timestamp":"2025-12-04T10:14:24.225Z","type":"BOT_PERFORMANCE_SYNCED","botId":2,"performance":{"totalTrades":0,"winningTrades":0,"losingTrades":0,"winRate":0,"totalProfit":0,"totalLoss":0,"netProfit":0,"maxDrawdown":0,"sharpeRatio":0,"lastTradeAt":null,"trades":[]}}
{"timestamp":"2025-12-04T10:14:54.461Z","type":"BOT_PERFORMANCE_SYNCED","botId":2,"performance":{"totalTrades":0,"winningTrades":0,"losingTrades":0,"winRate":0,"totalProfit":0,"totalLoss":0,"netProfit":0,"maxDrawdown":0,"sharpeRatio":0,"lastTradeAt":null,"trades":[]}}
{"timestamp":"2025-12-04T10:15:25.244Z","type":"BOT_PERFORMANCE_SYNCED","botId":2,"performance":{"totalTrades":0,"winningTrades":0,"losingTrades":0,"winRate":0,"totalProfit":0,"totalLoss":0,"netProfit":0,"maxDrawdown":0,"sharpeRatio":0,"lastTradeAt":null,"trades":[]}}
{"timestamp":"2025-12-04T10:15:54.207Z","type":"BOT_PERFORMANCE_SYNCED","botId":2,"performance":{"totalTrades":0,"winningTrades":0,"losingTrades":0,"winRate":0,"totalProfit":0,"totalLoss":0,"netProfit":0,"maxDrawdown":0,"sharpeRatio":0,"lastTradeAt":null,"trades":[]}}
{"timestamp":"2025-12-04T10:16:24.795Z","type":"BOT_PERFORMANCE_SYNCED","botId":2,"performance":{"totalTrades":0,"winningTrades":0,"losingTrades":0,"winRate":0,"totalProfit":0,"totalLoss":0,"netProfit":0,"maxDrawdown":0,"sharpeRatio":0,"lastTradeAt":null,"trades":[]}}
{"timestamp":"2025-12-04T10:16:54.675Z","type":"BOT_PERFORMANCE_SYNCED","botId":2,"performance":{"totalTrades":0,"winningTrades":0,"losingTrades":0,"winRate":0,"totalProfit":0,"totalLoss":0,"netProfit":0,"maxDrawdown":0,"sharpeRatio":0,"lastTradeAt":null,"trades":[]}}
{"timestamp":"2025-12-04T10:17:24.218Z","type":"BOT_PERFORMANCE_SYNCED","botId":2,"performance":{"totalTrades":0,"winningTrades":0,"losingTrades":0,"winRate":0,"totalProfit":0,"totalLoss":0,"netProfit":0,"maxDrawdown":0,"sharpeRatio":0,"lastTradeAt":null,"trades":[]}}
{"timestamp":"2025-12-04T10:17:54.288Z","type":"BOT_PERFORMANCE_SYNCED","botId":2,"performance":{"totalTrades":0,"winningTrades":0,"losingTrades":0,"winRate":0,"totalProfit":0,"totalLoss":0,"netProfit":0,"maxDrawdown":0,"sharpeRatio":0,"lastTradeAt":null,"trades":[]}}
{"timestamp":"2025-12-04T10:18:24.013Z","type":"BOT_PERFORMANCE_SYNCED","botId":2,"performance":{"totalTrades":0,"winningTrades":0,"losingTrades":0,"winRate":0,"totalProfit":0,"totalLoss":0,"netProfit":0,"maxDrawdown":0,"sharpeRatio":0,"lastTradeAt":null,"trades":[]}}
{"timestamp":"2025-12-04T10:18:53.956Z","type":"BOT_PERFORMANCE_SYNCED","botId":2,"performance":{"totalTrades":0,"winningTrades":0,"losingTrades":0,"winRate":0,"totalProfit":0,"totalLoss":0,"netProfit":0,"maxDrawdown":0,"sharpeRatio":0,"lastTradeAt":null,"trades":[]}}
{"timestamp":"2025-12-04T10:19:23.992Z","type":"BOT_PERFORMANCE_SYNCED","botId":2,"performance":{"totalTrades":0,"winningTrades":0,"losingTrades":0,"winRate":0,"totalProfit":0,"totalLoss":0,"netProfit":0,"maxDrawdown":0,"sharpeRatio":0,"lastTradeAt":null,"trades":[]}}
{"timestamp":"2025-12-04T10:19:54.156Z","type":"BOT_STARTED","botId":5,"strategy":"RSI_SMA_MACD","symbol":"BTC/USDT"}
{"timestamp":"2025-12-04T10:19:54.518Z","type":"BOT_PERFORMANCE_SYNCED","botId":2,"performance":{"totalTrades":0,"winningTrades":0,"losingTrades":0,"winRate":0,"totalProfit":0,"totalLoss":0,"netProfit":0,"maxDrawdown":0,"sharpeRatio":0,"lastTradeAt":null,"trades":[]}}
{"timestamp":"2025-12-04T10:19:56.794Z","type":"SIGNAL_GENERATED","botId":5,"signal":{"action":"hold","confidence":0,"indicators":{"rsi":54.88,"smaShort":93186.07150000006,"smaLong":90260.58039999998,"macd":{"MACD":210.9251282052137,"signal":214.23855413116365,"histogram":-3.313425925949957},"price":93294.72},"signals":{"rsi":0,"trend":1,"goldenCross":1,"macd":-1}}}
{"timestamp":"2025-12-04T10:20:24.413Z","type":"BOT_PERFORMANCE_SYNCED","botId":5,"performance":{"totalTrades":0,"winningTrades":0,"losingTrades":0,"winRate":0,"totalProfit":0,"totalLoss":0,"netProfit":0,"maxDrawdown":0,"sharpeRatio":0,"lastTradeAt":null,"trades":[]}}
{"timestamp":"2025-12-04T10:20:25.509Z","type":"BOT_PERFORMANCE_SYNCED","botId":2,"performance":{"totalTrades":0,"winningTrades":0,"losingTrades":0,"winRate":0,"totalProfit":0,"totalLoss":0,"netProfit":0,"maxDrawdown":0,"sharpeRatio":0,"lastTradeAt":null,"trades":[]}}
{"timestamp":"2025-12-04T10:20:54.079Z","type":"BOT_PERFORMANCE_SYNCED","botId":5,"performance":{"totalTrades":0,"winningTrades":0,"losingTrades":0,"winRate":0,"totalProfit":0,"totalLoss":0,"netProfit":0,"maxDrawdown":0,"sharpeRatio":0,"lastTradeAt":null,"trades":[]}}
{"timestamp":"2025-12-04T10:20:55.035Z","type":"BOT_PERFORMANCE_SYNCED","botId":2,"performance":{"totalTrades":0,"winningTrades":0,"losingTrades":0,"winRate":0,"totalProfit":0,"totalLoss":0,"netProfit":0,"maxDrawdown":0,"sharpeRatio":0,"lastTradeAt":null,"trades":[]}}
{"timestamp":"2025-12-04T10:21:24.068Z","type":"BOT_PERFORMANCE_SYNCED","botId":5,"performance":{"totalTrades":0,"winningTrades":0,"losingTrades":0,"winRate":0,"totalProfit":0,"totalLoss":0,"netProfit":0,"maxDrawdown":0,"sharpeRatio":0,"lastTradeAt":null,"trades":[]}}
{"timestamp":"2025-12-04T10:21:25.051Z","type":"BOT_PERFORMANCE_SYNCED","botId":2,"performance":{"totalTrades":0,"winningTrades":0,"losingTrades":0,"winRate":0,"totalProfit":0,"totalLoss":0,"netProfit":0,"maxDrawdown":0,"sharpeRatio":0,"lastTradeAt":null,"trades":[]}}
{"timestamp":"2025-12-04T10:21:54.941Z","type":"BOT_PERFORMANCE_SYNCED","botId":5,"performance":{"totalTrades":0,"winningTrades":0,"losingTrades":0,"winRate":0,"totalProfit":0,"totalLoss":0,"netProfit":0,"maxDrawdown":0,"sharpeRatio":0,"lastTradeAt":null,"trades":[]}}
{"timestamp":"2025-12-04T10:21:55.910Z","type":"BOT_PERFORMANCE_SYNCED","botId":2,"performance":{"totalTrades":0,"winningTrades":0,"losingTrades":0,"winRate":0,"totalProfit":0,"totalLoss":0,"netProfit":0,"maxDrawdown":0,"sharpeRatio":0,"lastTradeAt":null,"trades":[]}}
{"timestamp":"2025-12-04T10:22:24.513Z","type":"BOT_PERFORMANCE_SYNCED","botId":5,"performance":{"totalTrades":0,"winningTrades":0,"losingTrades":0,"winRate":0,"totalProfit":0,"totalLoss":0,"netProfit":0,"maxDrawdown":0,"sharpeRatio":0,"lastTradeAt":null,"trades":[]}}
{"timestamp":"2025-12-04T10:22:25.468Z","type":"BOT_PERFORMANCE_SYNCED","botId":2,"performance":{"totalTrades":0,"winningTrades":0,"losingTrades":0,"winRate":0,"totalProfit":0,"totalLoss":0,"netProfit":0,"maxDrawdown":0,"sharpeRatio":0,"lastTradeAt":null,"trades":[]}}
{"timestamp":"2025-12-04T10:22:54.080Z","type":"BOT_PERFORMANCE_SYNCED","botId":5,"performance":{"totalTrades":0,"winningTrades":0,"losingTrades":0,"winRate":0,"totalProfit":0,"totalLoss":0,"netProfit":0,"maxDrawdown":0,"sharpeRatio":0,"lastTradeAt":null,"trades":[]}}
{"timestamp":"2025-12-04T10:22:55.086Z","type":"BOT_PERFORMANCE_SYNCED","botId":2,"performance":{"totalTrades":0,"winningTrades":0,"losingTrades":0,"winRate":0,"totalProfit":0,"totalLoss":0,"netProfit":0,"maxDrawdown":0,"sharpeRatio":0,"lastTradeAt":null,"trades":[]}}
{"timestamp":"2025-12-04T10:23:24.945Z","type":"BOT_PERFORMANCE_SYNCED","botId":5,"performance":{"totalTrades":0,"winningTrades":0,"losingTrades":0,"winRate":0,"totalProfit":0,"totalLoss":0,"netProfit":0,"maxDrawdown":0,"sharpeRatio":0,"lastTradeAt":null,"trades":[]}}
{"timestamp":"2025-12-04T10:23:25.900Z","type":"BOT_PERFORMANCE_SYNCED","botId":2,"performance":{"totalTrades":0,"winningTrades":0,"losingTrades":0,"winRate":0,"totalProfit":0,"totalLoss":0,"netProfit":0,"maxDrawdown":0,"sharpeRatio":0,"lastTradeAt":null,"trades":[]}}
{"timestamp":"2025-12-04T10:23:54.140Z","type":"BOT_PERFORMANCE_SYNCED","botId":5,"performance":{"totalTrades":0,"winningTrades":0,"losingTrades":0,"winRate":0,"totalProfit":0,"totalLoss":0,"netProfit":0,"maxDrawdown":0,"sharpeRatio":0,"lastTradeAt":null,"trades":[]}}
{"timestamp":"2025-12-04T10:23:55.087Z","type":"BOT_PERFORMANCE_SYNCED","botId":2,"performance":{"totalTrades":0,"winningTrades":0,"losingTrades":0,"winRate":0,"totalProfit":0,"totalLoss":0,"netProfit":0,"maxDrawdown":0,"sharpeRatio":0,"lastTradeAt":null,"trades":[]}}
{"timestamp":"2025-12-04T10:24:24.201Z","type":"BOT_PERFORMANCE_SYNCED","botId":5,"performance":{"totalTrades":0,"winningTrades":0,"losingTrades":0,"winRate":0,"totalProfit":0,"totalLoss":0,"netProfit":0,"maxDrawdown":0,"sharpeRatio":0,"lastTradeAt":null,"trades":[]}}
{"timestamp":"2025-12-04T10:24:25.142Z","type":"BOT_PERFORMANCE_SYNCED","botId":2,"performance":{"totalTrades":0,"winningTrades":0,"losingTrades":0,"winRate":0,"totalProfit":0,"totalLoss":0,"netProfit":0,"maxDrawdown":0,"sharpeRatio":0,"lastTradeAt":null,"trades":[]}}
{"timestamp":"2025-12-04T10:24:55.162Z","type":"BOT_PERFORMANCE_SYNCED","botId":5,"performance":{"totalTrades":0,"winningTrades":0,"losingTrades":0,"winRate":0,"totalProfit":0,"totalLoss":0,"netProfit":0,"maxDrawdown":0,"sharpeRatio":0,"lastTradeAt":null,"trades":[]}}
{"timestamp":"2025-12-04T10:24:56.240Z","type":"BOT_PERFORMANCE_SYNCED","botId":2,"performance":{"totalTrades":0,"winningTrades":0,"losingTrades":0,"winRate":0,"totalProfit":0,"totalLoss":0,"netProfit":0,"maxDrawdown":0,"sharpeRatio":0,"lastTradeAt":null,"trades":[]}}
{"timestamp":"2025-12-04T10:25:24.244Z","type":"BOT_PERFORMANCE_SYNCED","botId":5,"performance":{"totalTrades":0,"winningTrades":0,"losingTrades":0,"winRate":0,"totalProfit":0,"totalLoss":0,"netProfit":0,"maxDrawdown":0,"sharpeRatio":0,"lastTradeAt":null,"trades":[]}}
{"timestamp":"2025-12-04T10:25:25.276Z","type":"BOT_PERFORMANCE_SYNCED","botId":2,"performance":{"totalTrades":0,"winningTrades":0,"losingTrades":0,"winRate":0,"totalProfit":0,"totalLoss":0,"netProfit":0,"maxDrawdown":0,"sharpeRatio":0,"lastTradeAt":null,"trades":[]}}
{"timestamp":"2025-12-04T10:25:54.178Z","type":"BOT_PERFORMANCE_SYNCED","botId":5,"performance":{"totalTrades":0,"winningTrades":0,"losingTrades":0,"winRate":0,"totalProfit":0,"totalLoss":0,"netProfit":0,"maxDrawdown":0,"sharpeRatio":0,"lastTradeAt":null,"trades":[]}}
{"timestamp":"2025-12-04T10:25:55.106Z","type":"BOT_PERFORMANCE_SYNCED","botId":2,"performance":{"totalTrades":0,"winningTrades":0,"losingTrades":0,"winRate":0,"totalProfit":0,"totalLoss":0,"netProfit":0,"maxDrawdown":0,"sharpeRatio":0,"lastTradeAt":null,"trades":[]}}
{"timestamp":"2025-12-04T10:26:24.114Z","type":"BOT_PERFORMANCE_SYNCED","botId":5,"performance":{"totalTrades":0,"winningTrades":0,"losingTrades":0,"winRate":0,"totalProfit":0,"totalLoss":0,"netProfit":0,"maxDrawdown":0,"sharpeRatio":0,"lastTradeAt":null,"trades":[]}}
{"timestamp":"2025-12-04T10:26:25.048Z","type":"BOT_PERFORMANCE_SYNCED","botId":2,"performance":{"totalTrades":0,"winningTrades":0,"losingTrades":0,"winRate":0,"totalProfit":0,"totalLoss":0,"netProfit":0,"maxDrawdown":0,"sharpeRatio":0,"lastTradeAt":null,"trades":[]}}
{"timestamp":"2025-12-04T10:26:54.403Z","type":"BOT_PERFORMANCE_SYNCED","botId":5,"performance":{"totalTrades":0,"winningTrades":0,"losingTrades":0,"winRate":0,"totalProfit":0,"totalLoss":0,"netProfit":0,"maxDrawdown":0,"sharpeRatio":0,"lastTradeAt":null,"trades":[]}}
{"timestamp":"2025-12-04T10:26:55.349Z","type":"BOT_PERFORMANCE_SYNCED","botId":2,"performance":{"totalTrades":0,"winningTrades":0,"losingTrades":0,"winRate":0,"totalProfit":0,"totalLoss":0,"netProfit":0,"maxDrawdown":0,"sharpeRatio":0,"lastTradeAt":null,"trades":[]}}
{"timestamp":"2025-12-04T10:27:24.479Z","type":"BOT_PERFORMANCE_SYNCED","botId":5,"performance":{"totalTrades":0,"winningTrades":0,"losingTrades":0,"winRate":0,"totalProfit":0,"totalLoss":0,"netProfit":0,"maxDrawdown":0,"sharpeRatio":0,"lastTradeAt":null,"trades":[]}}
{"timestamp":"2025-12-04T10:27:25.439Z","type":"BOT_PERFORMANCE_SYNCED","botId":2,"performance":{"totalTrades":0,"winningTrades":0,"losingTrades":0,"winRate":0,"totalProfit":0,"totalLoss":0,"netProfit":0,"maxDrawdown":0,"sharpeRatio":0,"lastTradeAt":null,"trades":[]}}
{"timestamp":"2025-12-04T10:27:54.140Z","type":"BOT_PERFORMANCE_SYNCED","botId":5,"performance":{"totalTrades":0,"winningTrades":0,"losingTrades":0,"winRate":0,"totalProfit":0,"totalLoss":0,"netProfit":0,"maxDrawdown":0,"sharpeRatio":0,"lastTradeAt":null,"trades":[]}}
{"timestamp":"2025-12-04T10:27:55.115Z","type":"BOT_PERFORMANCE_SYNCED","botId":2,"performance":{"totalTrades":0,"winningTrades":0,"losingTrades":0,"winRate":0,"totalProfit":0,"totalLoss":0,"netProfit":0,"maxDrawdown":0,"sharpeRatio":0,"lastTradeAt":null,"trades":[]}}
{"timestamp":"2025-12-04T10:28:24.583Z","type":"BOT_PERFORMANCE_SYNCED","botId":5,"performance":{"totalTrades":0,"winningTrades":0,"losingTrades":0,"winRate":0,"totalProfit":0,"totalLoss":0,"netProfit":0,"maxDrawdown":0,"sharpeRatio":0,"lastTradeAt":null,"trades":[]}}
{"timestamp":"2025-12-04T10:28:25.535Z","type":"BOT_PERFORMANCE_SYNCED","botId":2,"performance":{"totalTrades":0,"winningTrades":0,"losingTrades":0,"winRate":0,"totalProfit":0,"totalLoss":0,"netProfit":0,"maxDrawdown":0,"sharpeRatio":0,"lastTradeAt":null,"trades":[]}}
{"timestamp":"2025-12-04T10:28:54.338Z","type":"BOT_PERFORMANCE_SYNCED","botId":5,"performance":{"totalTrades":0,"winningTrades":0,"losingTrades":0,"winRate":0,"totalProfit":0,"totalLoss":0,"netProfit":0,"maxDrawdown":0,"sharpeRatio":0,"lastTradeAt":null,"trades":[]}}
{"timestamp":"2025-12-04T10:28:55.273Z","type":"BOT_PERFORMANCE_SYNCED","botId":2,"performance":{"totalTrades":0,"winningTrades":0,"losingTrades":0,"winRate":0,"totalProfit":0,"totalLoss":0,"netProfit":0,"maxDrawdown":0,"sharpeRatio":0,"lastTradeAt":null,"trades":[]}}
{"timestamp":"2025-12-04T10:29:24.347Z","type":"BOT_PERFORMANCE_SYNCED","botId":5,"performance":{"totalTrades":0,"winningTrades":0,"losingTrades":0,"winRate":0,"totalProfit":0,"totalLoss":0,"netProfit":0,"maxDrawdown":0,"sharpeRatio":0,"lastTradeAt":null,"trades":[]}}
{"timestamp":"2025-12-04T10:29:25.296Z","type":"BOT_PERFORMANCE_SYNCED","botId":2,"performance":{"totalTrades":0,"winningTrades":0,"losingTrades":0,"winRate":0,"totalProfit":0,"totalLoss":0,"netProfit":0,"maxDrawdown":0,"sharpeRatio":0,"lastTradeAt":null,"trades":[]}}
{"timestamp":"2025-12-04T10:29:54.578Z","type":"BOT_PERFORMANCE_SYNCED","botId":5,"performance":{"totalTrades":0,"winningTrades":0,"losingTrades":0,"winRate":0,"totalProfit":0,"totalLoss":0,"netProfit":0,"maxDrawdown":0,"sharpeRatio":0,"lastTradeAt":null,"trades":[]}}
{"timestamp":"2025-12-04T10:29:55.499Z","type":"BOT_PERFORMANCE_SYNCED","botId":2,"performance":{"totalTrades":0,"winningTrades":0,"losingTrades":0,"winRate":0,"totalProfit":0,"totalLoss":0,"netProfit":0,"maxDrawdown":0,"sharpeRatio":0,"lastTradeAt":null,"trades":[]}}
{"timestamp":"2025-12-04T10:30:25.977Z","type":"BOT_PERFORMANCE_SYNCED","botId":5,"performance":{"totalTrades":0,"winningTrades":0,"losingTrades":0,"winRate":0,"totalProfit":0,"totalLoss":0,"netProfit":0,"maxDrawdown":0,"sharpeRatio":0,"lastTradeAt":null,"trades":[]}}
{"timestamp":"2025-12-04T10:30:27.195Z","type":"BOT_PERFORMANCE_SYNCED","botId":2,"performance":{"totalTrades":0,"winningTrades":0,"losingTrades":0,"winRate":0,"totalProfit":0,"totalLoss":0,"netProfit":0,"maxDrawdown":0,"sharpeRatio":0,"lastTradeAt":null,"trades":[]}}
{"timestamp":"2025-12-04T10:30:54.960Z","type":"BOT_PERFORMANCE_SYNCED","botId":5,"performance":{"totalTrades":0,"winningTrades":0,"losingTrades":0,"winRate":0,"totalProfit":0,"totalLoss":0,"netProfit":0,"maxDrawdown":0,"sharpeRatio":0,"lastTradeAt":null,"trades":[]}}
{"timestamp":"2025-12-04T10:30:56.064Z","type":"BOT_PERFORMANCE_SYNCED","botId":2,"performance":{"totalTrades":0,"winningTrades":0,"losingTrades":0,"winRate":0,"totalProfit":0,"totalLoss":0,"netProfit":0,"maxDrawdown":0,"sharpeRatio":0,"lastTradeAt":null,"trades":[]}}
{"timestamp":"2025-12-04T10:31:24.371Z","type":"BOT_PERFORMANCE_SYNCED","botId":5,"performance":{"totalTrades":0,"winningTrades":0,"losingTrades":0,"winRate":0,"totalProfit":0,"totalLoss":0,"netProfit":0,"maxDrawdown":0,"sharpeRatio":0,"lastTradeAt":null,"trades":[]}}
{"timestamp":"2025-12-04T10:31:25.301Z","type":"BOT_PERFORMANCE_SYNCED","botId":2,"performance":{"totalTrades":0,"winningTrades":0,"losingTrades":0,"winRate":0,"totalProfit":0,"totalLoss":0,"netProfit":0,"maxDrawdown":0,"sharpeRatio":0,"lastTradeAt":null,"trades":[]}}
{"timestamp":"2025-12-04T10:31:54.410Z","type":"BOT_PERFORMANCE_SYNCED","botId":5,"performance":{"totalTrades":0,"winningTrades":0,"losingTrades":0,"winRate":0,"totalProfit":0,"totalLoss":0,"netProfit":0,"maxDrawdown":0,"sharpeRatio":0,"lastTradeAt":null,"trades":[]}}
{"timestamp":"2025-12-04T10:31:55.373Z","type":"BOT_PERFORMANCE_SYNCED","botId":2,"performance":{"totalTrades":0,"winningTrades":0,"losingTrades":0,"winRate":0,"totalProfit":0,"totalLoss":0,"netProfit":0,"maxDrawdown":0,"sharpeRatio":0,"lastTradeAt":null,"trades":[]}}
{"timestamp":"2025-12-04T10:32:24.489Z","type":"BOT_PERFORMANCE_SYNCED","botId":5,"performance":{"totalTrades":0,"winningTrades":0,"losingTrades":0,"winRate":0,"totalProfit":0,"totalLoss":0,"netProfit":0,"maxDrawdown":0,"sharpeRatio":0,"lastTradeAt":null,"trades":[]}}
{"timestamp":"2025-12-04T10:32:25.457Z","type":"BOT_PERFORMANCE_SYNCED","botId":2,"performance":{"totalTrades":0,"winningTrades":0,"losingTrades":0,"winRate":0,"totalProfit":0,"totalLoss":0,"netProfit":0,"maxDrawdown":0,"sharpeRatio":0,"lastTradeAt":null,"trades":[]}}
{"timestamp":"2025-12-04T10:32:54.331Z","type":"BOT_PERFORMANCE_SYNCED","botId":5,"performance":{"totalTrades":0,"winningTrades":0,"losingTrades":0,"winRate":0,"totalProfit":0,"totalLoss":0,"netProfit":0,"maxDrawdown":0,"sharpeRatio":0,"lastTradeAt":null,"trades":[]}}
{"timestamp":"2025-12-04T10:32:55.428Z","type":"BOT_PERFORMANCE_SYNCED","botId":2,"performance":{"totalTrades":0,"winningTrades":0,"losingTrades":0,"winRate":0,"totalProfit":0,"totalLoss":0,"netProfit":0,"maxDrawdown":0,"sharpeRatio":0,"lastTradeAt":null,"trades":[]}}
{"timestamp":"2025-12-04T10:33:24.296Z","type":"BOT_PERFORMANCE_SYNCED","botId":5,"performance":{"totalTrades":0,"winningTrades":0,"losingTrades":0,"winRate":0,"totalProfit":0,"totalLoss":0,"netProfit":0,"maxDrawdown":0,"sharpeRatio":0,"lastTradeAt":null,"trades":[]}}
{"timestamp":"2025-12-04T10:33:25.234Z","type":"BOT_PERFORMANCE_SYNCED","botId":2,"performance":{"totalTrades":0,"winningTrades":0,"losingTrades":0,"winRate":0,"totalProfit":0,"totalLoss":0,"netProfit":0,"maxDrawdown":0,"sharpeRatio":0,"lastTradeAt":null,"trades":[]}}
{"timestamp":"2025-12-04T10:33:54.489Z","type":"BOT_PERFORMANCE_SYNCED","botId":5,"performance":{"totalTrades":0,"winningTrades":0,"losingTrades":0,"winRate":0,"totalProfit":0,"totalLoss":0,"netProfit":0,"maxDrawdown":0,"sharpeRatio":0,"lastTradeAt":null,"trades":[]}}
{"timestamp":"2025-12-04T10:33:55.466Z","type":"BOT_PERFORMANCE_SYNCED","botId":2,"performance":{"totalTrades":0,"winningTrades":0,"losingTrades":0,"winRate":0,"totalProfit":0,"totalLoss":0,"netProfit":0,"maxDrawdown":0,"sharpeRatio":0,"lastTradeAt":null,"trades":[]}}
{"timestamp":"2025-12-04T10:34:24.378Z","type":"BOT_PERFORMANCE_SYNCED","botId":5,"performance":{"totalTrades":0,"winningTrades":0,"losingTrades":0,"winRate":0,"totalProfit":0,"totalLoss":0,"netProfit":0,"maxDrawdown":0,"sharpeRatio":0,"lastTradeAt":null,"trades":[]}}
{"timestamp":"2025-12-04T10:34:25.333Z","type":"BOT_PERFORMANCE_SYNCED","botId":2,"performance":{"totalTrades":0,"winningTrades":0,"losingTrades":0,"winRate":0,"totalProfit":0,"totalLoss":0,"netProfit":0,"maxDrawdown":0,"sharpeRatio":0,"lastTradeAt":null,"trades":[]}}
{"timestamp":"2025-12-04T10:34:54.339Z","type":"BOT_PERFORMANCE_SYNCED","botId":5,"performance":{"totalTrades":0,"winningTrades":0,"losingTrades":0,"winRate":0,"totalProfit":0,"totalLoss":0,"netProfit":0,"maxDrawdown":0,"sharpeRatio":0,"lastTradeAt":null,"trades":[]}}
{"timestamp":"2025-12-04T10:34:55.363Z","type":"BOT_PERFORMANCE_SYNCED","botId":2,"performance":{"totalTrades":0,"winningTrades":0,"losingTrades":0,"winRate":0,"totalProfit":0,"totalLoss":0,"netProfit":0,"maxDrawdown":0,"sharpeRatio":0,"lastTradeAt":null,"trades":[]}}
{"timestamp":"2025-12-04T10:35:24.686Z","type":"BOT_PERFORMANCE_SYNCED","botId":5,"performance":{"totalTrades":0,"winningTrades":0,"losingTrades":0,"winRate":0,"totalProfit":0,"totalLoss":0,"netProfit":0,"maxDrawdown":0,"sharpeRatio":0,"lastTradeAt":null,"trades":[]}}
{"timestamp":"2025-12-04T10:35:25.653Z","type":"BOT_PERFORMANCE_SYNCED","botId":2,"performance":{"totalTrades":0,"winningTrades":0,"losingTrades":0,"winRate":0,"totalProfit":0,"totalLoss":0,"netProfit":0,"maxDrawdown":0,"sharpeRatio":0,"lastTradeAt":null,"trades":[]}}
{"timestamp":"2025-12-04T10:35:54.574Z","type":"BOT_PERFORMANCE_SYNCED","botId":5,"performance":{"totalTrades":0,"winningTrades":0,"losingTrades":0,"winRate":0,"totalProfit":0,"totalLoss":0,"netProfit":0,"maxDrawdown":0,"sharpeRatio":0,"lastTradeAt":null,"trades":[]}}
{"timestamp":"2025-12-04T10:35:55.522Z","type":"BOT_PERFORMANCE_SYNCED","botId":2,"performance":{"totalTrades":0,"winningTrades":0,"losingTrades":0,"winRate":0,"totalProfit":0,"totalLoss":0,"netProfit":0,"maxDrawdown":0,"sharpeRatio":0,"lastTradeAt":null,"trades":[]}}
{"timestamp":"2025-12-04T10:36:55.026Z","type":"BOT_PERFORMANCE_SYNCED","botId":5,"performance":{"totalTrades":0,"winningTrades":0,"losingTrades":0,"winRate":0,"totalProfit":0,"totalLoss":0,"netProfit":0,"maxDrawdown":0,"sharpeRatio":0,"lastTradeAt":null,"trades":[]}}
{"timestamp":"2025-12-04T10:36:56.109Z","type":"BOT_PERFORMANCE_SYNCED","botId":2,"performance":{"totalTrades":0,"winningTrades":0,"losingTrades":0,"winRate":0,"totalProfit":0,"totalLoss":0,"netProfit":0,"maxDrawdown":0,"sharpeRatio":0,"lastTradeAt":null,"trades":[]}}
{"timestamp":"2025-12-04T10:37:25.536Z","type":"BOT_PERFORMANCE_SYNCED","botId":5,"performance":{"totalTrades":0,"winningTrades":0,"losingTrades":0,"winRate":0,"totalProfit":0,"totalLoss":0,"netProfit":0,"maxDrawdown":0,"sharpeRatio":0,"lastTradeAt":null,"trades":[]}}
{"timestamp":"2025-12-04T10:37:27.091Z","type":"BOT_PERFORMANCE_SYNCED","botId":2,"performance":{"totalTrades":0,"winningTrades":0,"losingTrades":0,"winRate":0,"totalProfit":0,"totalLoss":0,"netProfit":0,"maxDrawdown":0,"sharpeRatio":0,"lastTradeAt":null,"trades":[]}}
